<?xml version="1.0" encoding="UTF-8" standalone="no"?>
<!DOCTYPE report PUBLIC "-//JACOCO//DTD Report 1.1//EN" "report.dtd"[]>
<report name="Pester (11/02/2025 07:30:20)">
  <sessioninfo id="this" start="1762068584073" dump="1762068620297" />
  <package name="PSWriteColorEX">
    <class name="PSWriteColorEX/PSWriteColorEX" sourcefilename="PSWriteColorEX.psm1">
      <method name="&lt;script&gt;" desc="()" line="14">
        <counter type="INSTRUCTION" missed="17" covered="46" />
        <counter type="LINE" missed="13" covered="46" />
        <counter type="METHOD" missed="0" covered="1" />
      </method>
      <method name="Initialize-RGB6LevelLookup" desc="()" line="31">
        <counter type="INSTRUCTION" missed="0" covered="16" />
        <counter type="LINE" missed="0" covered="9" />
        <counter type="METHOD" missed="0" covered="1" />
      </method>
      <method name="Initialize-PSWriteColorEX" desc="()" line="132">
        <counter type="INSTRUCTION" missed="7" covered="11" />
        <counter type="LINE" missed="7" covered="10" />
        <counter type="METHOD" missed="0" covered="1" />
      </method>
      <counter type="INSTRUCTION" missed="24" covered="73" />
      <counter type="LINE" missed="20" covered="65" />
      <counter type="METHOD" missed="0" covered="3" />
      <counter type="CLASS" missed="0" covered="1" />
    </class>
    <sourcefile name="PSWriteColorEX.psm1">
      <line nr="14" mi="0" ci="1" mb="0" cb="0" />
      <line nr="15" mi="0" ci="1" mb="0" cb="0" />
      <line nr="16" mi="0" ci="1" mb="0" cb="0" />
      <line nr="17" mi="0" ci="1" mb="0" cb="0" />
      <line nr="18" mi="0" ci="1" mb="0" cb="0" />
      <line nr="19" mi="0" ci="1" mb="0" cb="0" />
      <line nr="20" mi="0" ci="1" mb="0" cb="0" />
      <line nr="21" mi="0" ci="1" mb="0" cb="0" />
      <line nr="24" mi="0" ci="1" mb="0" cb="0" />
      <line nr="25" mi="1" ci="0" mb="0" cb="0" />
      <line nr="26" mi="1" ci="0" mb="0" cb="0" />
      <line nr="31" mi="0" ci="1" mb="0" cb="0" />
      <line nr="32" mi="0" ci="1" mb="0" cb="0" />
      <line nr="33" mi="0" ci="3" mb="0" cb="0" />
      <line nr="34" mi="0" ci="2" mb="0" cb="0" />
      <line nr="35" mi="0" ci="2" mb="0" cb="0" />
      <line nr="36" mi="0" ci="2" mb="0" cb="0" />
      <line nr="37" mi="0" ci="2" mb="0" cb="0" />
      <line nr="38" mi="0" ci="2" mb="0" cb="0" />
      <line nr="39" mi="0" ci="1" mb="0" cb="0" />
      <line nr="45" mi="0" ci="1" mb="0" cb="0" />
      <line nr="48" mi="0" ci="1" mb="0" cb="0" />
      <line nr="49" mi="0" ci="1" mb="0" cb="0" />
      <line nr="52" mi="0" ci="1" mb="0" cb="0" />
      <line nr="53" mi="0" ci="1" mb="0" cb="0" />
      <line nr="55" mi="0" ci="1" mb="0" cb="0" />
      <line nr="56" mi="0" ci="1" mb="0" cb="0" />
      <line nr="57" mi="1" ci="0" mb="0" cb="0" />
      <line nr="60" mi="1" ci="0" mb="0" cb="0" />
      <line nr="66" mi="0" ci="1" mb="0" cb="0" />
      <line nr="67" mi="0" ci="1" mb="0" cb="0" />
      <line nr="70" mi="0" ci="1" mb="0" cb="0" />
      <line nr="71" mi="0" ci="1" mb="0" cb="0" />
      <line nr="73" mi="0" ci="1" mb="0" cb="0" />
      <line nr="74" mi="0" ci="1" mb="0" cb="0" />
      <line nr="75" mi="2" ci="0" mb="0" cb="0" />
      <line nr="78" mi="2" ci="0" mb="0" cb="0" />
      <line nr="81" mi="1" ci="0" mb="0" cb="0" />
      <line nr="86" mi="0" ci="1" mb="0" cb="0" />
      <line nr="87" mi="0" ci="1" mb="0" cb="0" />
      <line nr="88" mi="0" ci="1" mb="0" cb="0" />
      <line nr="89" mi="0" ci="1" mb="0" cb="0" />
      <line nr="90" mi="0" ci="1" mb="0" cb="0" />
      <line nr="91" mi="0" ci="1" mb="0" cb="0" />
      <line nr="94" mi="0" ci="1" mb="0" cb="0" />
      <line nr="95" mi="0" ci="1" mb="0" cb="0" />
      <line nr="97" mi="0" ci="1" mb="0" cb="0" />
      <line nr="98" mi="0" ci="1" mb="0" cb="0" />
      <line nr="99" mi="2" ci="0" mb="0" cb="0" />
      <line nr="102" mi="2" ci="0" mb="0" cb="0" />
      <line nr="105" mi="1" ci="0" mb="0" cb="0" />
      <line nr="111" mi="0" ci="1" mb="0" cb="0" />
      <line nr="112" mi="0" ci="1" mb="0" cb="0" />
      <line nr="113" mi="1" ci="0" mb="0" cb="0" />
      <line nr="116" mi="1" ci="0" mb="0" cb="0" />
      <line nr="120" mi="0" ci="1" mb="0" cb="0" />
      <line nr="132" mi="0" ci="1" mb="0" cb="0" />
      <line nr="137" mi="0" ci="1" mb="0" cb="0" />
      <line nr="138" mi="0" ci="1" mb="0" cb="0" />
      <line nr="139" mi="0" ci="1" mb="0" cb="0" />
      <line nr="141" mi="0" ci="1" mb="0" cb="0" />
      <line nr="142" mi="1" ci="0" mb="0" cb="0" />
      <line nr="143" mi="1" ci="0" mb="0" cb="0" />
      <line nr="147" mi="0" ci="1" mb="0" cb="0" />
      <line nr="150" mi="0" ci="1" mb="0" cb="0" />
      <line nr="151" mi="0" ci="1" mb="0" cb="0" />
      <line nr="153" mi="0" ci="1" mb="0" cb="0" />
      <line nr="154" mi="0" ci="2" mb="0" cb="0" />
      <line nr="155" mi="1" ci="0" mb="0" cb="0" />
      <line nr="156" mi="1" ci="0" mb="0" cb="0" />
      <line nr="157" mi="1" ci="0" mb="0" cb="0" />
      <line nr="158" mi="1" ci="0" mb="0" cb="0" />
      <line nr="160" mi="1" ci="0" mb="0" cb="0" />
      <line nr="166" mi="0" ci="1" mb="0" cb="0" />
      <line nr="169" mi="0" ci="1" mb="0" cb="0" />
      <line nr="170" mi="0" ci="1" mb="0" cb="0" />
      <line nr="171" mi="0" ci="1" mb="0" cb="0" />
      <line nr="189" mi="0" ci="1" mb="0" cb="0" />
      <line nr="191" mi="0" ci="1" mb="0" cb="0" />
      <line nr="221" mi="0" ci="1" mb="0" cb="0" />
      <line nr="224" mi="0" ci="1" mb="0" cb="0" />
      <line nr="227" mi="0" ci="1" mb="0" cb="0" />
      <line nr="230" mi="0" ci="1" mb="0" cb="0" />
      <line nr="232" mi="0" ci="1" mb="0" cb="0" />
      <line nr="233" mi="1" ci="0" mb="0" cb="0" />
      <counter type="INSTRUCTION" missed="24" covered="73" />
      <counter type="LINE" missed="20" covered="65" />
      <counter type="METHOD" missed="0" covered="3" />
      <counter type="CLASS" missed="0" covered="1" />
    </sourcefile>
    <counter type="INSTRUCTION" missed="24" covered="73" />
    <counter type="LINE" missed="20" covered="65" />
    <counter type="METHOD" missed="0" covered="3" />
    <counter type="CLASS" missed="0" covered="1" />
  </package>
  <package name="PSWriteColorEX/Classes">
    <class name="PSWriteColorEX/Classes/PSColorStyle" sourcefilename="Classes/PSColorStyle.ps1">
      <method name="PSColorStyle" desc="()" line="40">
        <counter type="INSTRUCTION" missed="0" covered="3" />
        <counter type="LINE" missed="0" covered="3" />
        <counter type="METHOD" missed="0" covered="1" />
      </method>
      <method name="Initialize" desc="()" line="52">
        <counter type="INSTRUCTION" missed="0" covered="23" />
        <counter type="LINE" missed="0" covered="23" />
        <counter type="METHOD" missed="0" covered="1" />
      </method>
      <method name="SetAsDefault" desc="()" line="79">
        <counter type="INSTRUCTION" missed="0" covered="1" />
        <counter type="LINE" missed="0" covered="1" />
        <counter type="METHOD" missed="0" covered="1" />
      </method>
      <method name="AddToProfiles" desc="()" line="84">
        <counter type="INSTRUCTION" missed="0" covered="1" />
        <counter type="LINE" missed="0" covered="1" />
        <counter type="METHOD" missed="0" covered="1" />
      </method>
      <method name="GetProfile" desc="()" line="89">
        <counter type="INSTRUCTION" missed="0" covered="4" />
        <counter type="LINE" missed="0" covered="4" />
        <counter type="METHOD" missed="0" covered="1" />
      </method>
      <method name="InitializeDefaultProfiles" desc="()" line="99">
        <counter type="INSTRUCTION" missed="0" covered="26" />
        <counter type="LINE" missed="0" covered="26" />
        <counter type="METHOD" missed="0" covered="1" />
      </method>
      <method name="ToWriteColorParams" desc="()" line="144">
        <counter type="INSTRUCTION" missed="10" covered="39" />
        <counter type="LINE" missed="0" covered="27" />
        <counter type="METHOD" missed="0" covered="1" />
      </method>
      <method name="InvalidateCache" desc="()" line="183">
        <counter type="INSTRUCTION" missed="1" covered="0" />
        <counter type="LINE" missed="1" covered="0" />
        <counter type="METHOD" missed="1" covered="0" />
      </method>
      <method name="Clone" desc="()" line="190">
        <counter type="INSTRUCTION" missed="0" covered="23" />
        <counter type="LINE" missed="0" covered="23" />
        <counter type="METHOD" missed="0" covered="1" />
      </method>
      <counter type="INSTRUCTION" missed="11" covered="120" />
      <counter type="LINE" missed="1" covered="108" />
      <counter type="METHOD" missed="1" covered="8" />
      <counter type="CLASS" missed="0" covered="1" />
    </class>
    <sourcefile name="Classes/PSColorStyle.ps1">
      <line nr="40" mi="0" ci="1" mb="0" cb="0" />
      <line nr="44" mi="0" ci="1" mb="0" cb="0" />
      <line nr="48" mi="0" ci="1" mb="0" cb="0" />
      <line nr="52" mi="0" ci="1" mb="0" cb="0" />
      <line nr="53" mi="0" ci="1" mb="0" cb="0" />
      <line nr="54" mi="0" ci="1" mb="0" cb="0" />
      <line nr="55" mi="0" ci="1" mb="0" cb="0" />
      <line nr="56" mi="0" ci="1" mb="0" cb="0" />
      <line nr="57" mi="0" ci="1" mb="0" cb="0" />
      <line nr="58" mi="0" ci="1" mb="0" cb="0" />
      <line nr="59" mi="0" ci="1" mb="0" cb="0" />
      <line nr="60" mi="0" ci="1" mb="0" cb="0" />
      <line nr="61" mi="0" ci="1" mb="0" cb="0" />
      <line nr="62" mi="0" ci="1" mb="0" cb="0" />
      <line nr="63" mi="0" ci="1" mb="0" cb="0" />
      <line nr="64" mi="0" ci="1" mb="0" cb="0" />
      <line nr="65" mi="0" ci="1" mb="0" cb="0" />
      <line nr="66" mi="0" ci="1" mb="0" cb="0" />
      <line nr="67" mi="0" ci="1" mb="0" cb="0" />
      <line nr="68" mi="0" ci="1" mb="0" cb="0" />
      <line nr="69" mi="0" ci="1" mb="0" cb="0" />
      <line nr="70" mi="0" ci="1" mb="0" cb="0" />
      <line nr="71" mi="0" ci="1" mb="0" cb="0" />
      <line nr="72" mi="0" ci="1" mb="0" cb="0" />
      <line nr="73" mi="0" ci="1" mb="0" cb="0" />
      <line nr="74" mi="0" ci="1" mb="0" cb="0" />
      <line nr="79" mi="0" ci="1" mb="0" cb="0" />
      <line nr="84" mi="0" ci="1" mb="0" cb="0" />
      <line nr="89" mi="0" ci="1" mb="0" cb="0" />
      <line nr="90" mi="0" ci="1" mb="0" cb="0" />
      <line nr="91" mi="0" ci="1" mb="0" cb="0" />
      <line nr="93" mi="0" ci="1" mb="0" cb="0" />
      <line nr="99" mi="0" ci="1" mb="0" cb="0" />
      <line nr="100" mi="0" ci="1" mb="0" cb="0" />
      <line nr="101" mi="0" ci="1" mb="0" cb="0" />
      <line nr="104" mi="0" ci="1" mb="0" cb="0" />
      <line nr="105" mi="0" ci="1" mb="0" cb="0" />
      <line nr="106" mi="0" ci="1" mb="0" cb="0" />
      <line nr="109" mi="0" ci="1" mb="0" cb="0" />
      <line nr="110" mi="0" ci="1" mb="0" cb="0" />
      <line nr="113" mi="0" ci="1" mb="0" cb="0" />
      <line nr="114" mi="0" ci="1" mb="0" cb="0" />
      <line nr="117" mi="0" ci="1" mb="0" cb="0" />
      <line nr="118" mi="0" ci="1" mb="0" cb="0" />
      <line nr="121" mi="0" ci="1" mb="0" cb="0" />
      <line nr="122" mi="0" ci="1" mb="0" cb="0" />
      <line nr="123" mi="0" ci="1" mb="0" cb="0" />
      <line nr="124" mi="0" ci="1" mb="0" cb="0" />
      <line nr="127" mi="0" ci="1" mb="0" cb="0" />
      <line nr="128" mi="0" ci="1" mb="0" cb="0" />
      <line nr="129" mi="0" ci="1" mb="0" cb="0" />
      <line nr="132" mi="0" ci="1" mb="0" cb="0" />
      <line nr="133" mi="0" ci="1" mb="0" cb="0" />
      <line nr="134" mi="0" ci="1" mb="0" cb="0" />
      <line nr="135" mi="0" ci="1" mb="0" cb="0" />
      <line nr="136" mi="0" ci="1" mb="0" cb="0" />
      <line nr="137" mi="0" ci="1" mb="0" cb="0" />
      <line nr="138" mi="0" ci="1" mb="0" cb="0" />
      <line nr="144" mi="0" ci="1" mb="0" cb="0" />
      <line nr="146" mi="0" ci="1" mb="0" cb="0" />
      <line nr="150" mi="0" ci="1" mb="0" cb="0" />
      <line nr="152" mi="0" ci="2" mb="0" cb="0" />
      <line nr="153" mi="0" ci="2" mb="0" cb="0" />
      <line nr="154" mi="0" ci="2" mb="0" cb="0" />
      <line nr="155" mi="1" ci="1" mb="0" cb="0" />
      <line nr="156" mi="0" ci="2" mb="0" cb="0" />
      <line nr="157" mi="1" ci="1" mb="0" cb="0" />
      <line nr="158" mi="0" ci="2" mb="0" cb="0" />
      <line nr="159" mi="0" ci="2" mb="0" cb="0" />
      <line nr="160" mi="0" ci="2" mb="0" cb="0" />
      <line nr="161" mi="0" ci="2" mb="0" cb="0" />
      <line nr="162" mi="0" ci="2" mb="0" cb="0" />
      <line nr="163" mi="0" ci="2" mb="0" cb="0" />
      <line nr="164" mi="1" ci="1" mb="0" cb="0" />
      <line nr="165" mi="1" ci="1" mb="0" cb="0" />
      <line nr="166" mi="1" ci="1" mb="0" cb="0" />
      <line nr="167" mi="1" ci="1" mb="0" cb="0" />
      <line nr="168" mi="1" ci="1" mb="0" cb="0" />
      <line nr="169" mi="1" ci="1" mb="0" cb="0" />
      <line nr="170" mi="1" ci="1" mb="0" cb="0" />
      <line nr="171" mi="0" ci="2" mb="0" cb="0" />
      <line nr="172" mi="1" ci="1" mb="0" cb="0" />
      <line nr="173" mi="0" ci="2" mb="0" cb="0" />
      <line nr="176" mi="0" ci="1" mb="0" cb="0" />
      <line nr="178" mi="0" ci="1" mb="0" cb="0" />
      <line nr="183" mi="1" ci="0" mb="0" cb="0" />
      <line nr="190" mi="0" ci="1" mb="0" cb="0" />
      <line nr="191" mi="0" ci="1" mb="0" cb="0" />
      <line nr="192" mi="0" ci="1" mb="0" cb="0" />
      <line nr="193" mi="0" ci="1" mb="0" cb="0" />
      <line nr="194" mi="0" ci="1" mb="0" cb="0" />
      <line nr="195" mi="0" ci="1" mb="0" cb="0" />
      <line nr="196" mi="0" ci="1" mb="0" cb="0" />
      <line nr="197" mi="0" ci="1" mb="0" cb="0" />
      <line nr="198" mi="0" ci="1" mb="0" cb="0" />
      <line nr="199" mi="0" ci="1" mb="0" cb="0" />
      <line nr="200" mi="0" ci="1" mb="0" cb="0" />
      <line nr="201" mi="0" ci="1" mb="0" cb="0" />
      <line nr="202" mi="0" ci="1" mb="0" cb="0" />
      <line nr="203" mi="0" ci="1" mb="0" cb="0" />
      <line nr="204" mi="0" ci="1" mb="0" cb="0" />
      <line nr="205" mi="0" ci="1" mb="0" cb="0" />
      <line nr="206" mi="0" ci="1" mb="0" cb="0" />
      <line nr="207" mi="0" ci="1" mb="0" cb="0" />
      <line nr="208" mi="0" ci="1" mb="0" cb="0" />
      <line nr="209" mi="0" ci="1" mb="0" cb="0" />
      <line nr="210" mi="0" ci="1" mb="0" cb="0" />
      <line nr="211" mi="0" ci="1" mb="0" cb="0" />
      <line nr="212" mi="0" ci="1" mb="0" cb="0" />
      <counter type="INSTRUCTION" missed="11" covered="120" />
      <counter type="LINE" missed="1" covered="108" />
      <counter type="METHOD" missed="1" covered="8" />
      <counter type="CLASS" missed="0" covered="1" />
    </sourcefile>
    <counter type="INSTRUCTION" missed="11" covered="120" />
    <counter type="LINE" missed="1" covered="108" />
    <counter type="METHOD" missed="1" covered="8" />
    <counter type="CLASS" missed="0" covered="1" />
  </package>
  <package name="PSWriteColorEX/Private">
    <class name="PSWriteColorEX/Private/New-GradientColorArray" sourcefilename="Private/New-GradientColorArray.ps1">
      <method name="New-GradientColorArray" desc="()" line="43">
        <counter type="INSTRUCTION" missed="10" covered="83" />
        <counter type="LINE" missed="7" covered="54" />
        <counter type="METHOD" missed="0" covered="1" />
      </method>
      <counter type="INSTRUCTION" missed="10" covered="83" />
      <counter type="LINE" missed="7" covered="54" />
      <counter type="METHOD" missed="0" covered="1" />
      <counter type="CLASS" missed="0" covered="1" />
    </class>
    <sourcefile name="Private/New-GradientColorArray.ps1">
      <line nr="43" mi="0" ci="1" mb="0" cb="0" />
      <line nr="44" mi="0" ci="2" mb="0" cb="0" />
      <line nr="48" mi="0" ci="1" mb="0" cb="0" />
      <line nr="51" mi="0" ci="1" mb="0" cb="0" />
      <line nr="54" mi="0" ci="2" mb="0" cb="0" />
      <line nr="55" mi="0" ci="2" mb="0" cb="0" />
      <line nr="56" mi="0" ci="2" mb="0" cb="0" />
      <line nr="58" mi="0" ci="1" mb="0" cb="0" />
      <line nr="59" mi="0" ci="1" mb="0" cb="0" />
      <line nr="61" mi="0" ci="1" mb="0" cb="0" />
      <line nr="62" mi="0" ci="1" mb="0" cb="0" />
      <line nr="66" mi="0" ci="1" mb="0" cb="0" />
      <line nr="68" mi="0" ci="1" mb="0" cb="0" />
      <line nr="69" mi="0" ci="1" mb="0" cb="0" />
      <line nr="70" mi="0" ci="1" mb="0" cb="0" />
      <line nr="73" mi="2" ci="0" mb="0" cb="0" />
      <line nr="77" mi="0" ci="1" mb="0" cb="0" />
      <line nr="78" mi="0" ci="1" mb="0" cb="0" />
      <line nr="81" mi="0" ci="1" mb="0" cb="0" />
      <line nr="83" mi="0" ci="1" mb="0" cb="0" />
      <line nr="84" mi="0" ci="1" mb="0" cb="0" />
      <line nr="85" mi="0" ci="1" mb="0" cb="0" />
      <line nr="88" mi="0" ci="2" mb="0" cb="0" />
      <line nr="92" mi="2" ci="0" mb="0" cb="0" />
      <line nr="98" mi="0" ci="1" mb="0" cb="0" />
      <line nr="99" mi="0" ci="1" mb="0" cb="0" />
      <line nr="100" mi="0" ci="1" mb="0" cb="0" />
      <line nr="101" mi="1" ci="0" mb="0" cb="0" />
      <line nr="102" mi="2" ci="0" mb="0" cb="0" />
      <line nr="104" mi="1" ci="0" mb="0" cb="0" />
      <line nr="107" mi="0" ci="1" mb="0" cb="0" />
      <line nr="109" mi="0" ci="1" mb="0" cb="0" />
      <line nr="113" mi="0" ci="1" mb="0" cb="0" />
      <line nr="115" mi="0" ci="1" mb="0" cb="0" />
      <line nr="116" mi="0" ci="1" mb="0" cb="0" />
      <line nr="118" mi="0" ci="3" mb="0" cb="0" />
      <line nr="120" mi="0" ci="2" mb="0" cb="0" />
      <line nr="122" mi="0" ci="3" mb="0" cb="0" />
      <line nr="123" mi="0" ci="3" mb="0" cb="0" />
      <line nr="124" mi="0" ci="3" mb="0" cb="0" />
      <line nr="126" mi="0" ci="1" mb="0" cb="0" />
      <line nr="127" mi="0" ci="1" mb="0" cb="0" />
      <line nr="128" mi="0" ci="3" mb="0" cb="0" />
      <line nr="130" mi="1" ci="0" mb="0" cb="0" />
      <line nr="133" mi="0" ci="2" mb="0" cb="0" />
      <line nr="138" mi="0" ci="1" mb="0" cb="0" />
      <line nr="140" mi="0" ci="3" mb="0" cb="0" />
      <line nr="142" mi="0" ci="2" mb="0" cb="0" />
      <line nr="143" mi="0" ci="1" mb="0" cb="0" />
      <line nr="144" mi="0" ci="1" mb="0" cb="0" />
      <line nr="146" mi="0" ci="1" mb="0" cb="0" />
      <line nr="147" mi="0" ci="1" mb="0" cb="0" />
      <line nr="150" mi="0" ci="3" mb="0" cb="0" />
      <line nr="151" mi="0" ci="3" mb="0" cb="0" />
      <line nr="152" mi="0" ci="3" mb="0" cb="0" />
      <line nr="154" mi="0" ci="1" mb="0" cb="0" />
      <line nr="155" mi="0" ci="1" mb="0" cb="0" />
      <line nr="156" mi="0" ci="3" mb="0" cb="0" />
      <line nr="158" mi="1" ci="0" mb="0" cb="0" />
      <line nr="161" mi="0" ci="2" mb="0" cb="0" />
      <line nr="167" mi="0" ci="1" mb="0" cb="0" />
      <counter type="INSTRUCTION" missed="10" covered="83" />
      <counter type="LINE" missed="7" covered="54" />
      <counter type="METHOD" missed="0" covered="1" />
      <counter type="CLASS" missed="0" covered="1" />
    </sourcefile>
    <counter type="INSTRUCTION" missed="10" covered="83" />
    <counter type="LINE" missed="7" covered="54" />
    <counter type="METHOD" missed="0" covered="1" />
    <counter type="CLASS" missed="0" covered="1" />
  </package>
  <package name="PSWriteColorEX/Public">
    <class name="PSWriteColorEX/Public/Convert-ColorValue" sourcefilename="Public/Convert-ColorValue.ps1">
      <method name="Convert-HexToRGB" desc="()" line="26">
        <counter type="INSTRUCTION" missed="0" covered="10" />
        <counter type="LINE" missed="0" covered="8" />
        <counter type="METHOD" missed="0" covered="1" />
      </method>
      <method name="Convert-RGBToANSI8" desc="()" line="64">
        <counter type="INSTRUCTION" missed="33" covered="20" />
        <counter type="LINE" missed="3" covered="16" />
        <counter type="METHOD" missed="0" covered="1" />
      </method>
      <method name="Convert-RGBToANSI4" desc="()" line="122">
        <counter type="INSTRUCTION" missed="13" covered="38" />
        <counter type="LINE" missed="5" covered="27" />
        <counter type="METHOD" missed="0" covered="1" />
      </method>
      <method name="Get-ColorTableWithRGB" desc="()" line="201">
        <counter type="INSTRUCTION" missed="0" covered="388" />
        <counter type="LINE" missed="0" covered="130" />
        <counter type="METHOD" missed="0" covered="1" />
      </method>
      <method name="Lighten-RGBColor" desc="()" line="445">
        <counter type="INSTRUCTION" missed="5" covered="0" />
        <counter type="LINE" missed="4" covered="0" />
        <counter type="METHOD" missed="1" covered="0" />
      </method>
      <method name="Lighten-ColorName" desc="()" line="479">
        <counter type="INSTRUCTION" missed="5" covered="0" />
        <counter type="LINE" missed="5" covered="0" />
        <counter type="METHOD" missed="1" covered="0" />
      </method>
      <counter type="INSTRUCTION" missed="56" covered="456" />
      <counter type="LINE" missed="17" covered="181" />
      <counter type="METHOD" missed="2" covered="4" />
      <counter type="CLASS" missed="0" covered="1" />
    </class>
    <class name="PSWriteColorEX/Public/Measure-DisplayWidth" sourcefilename="Public/Measure-DisplayWidth.ps1">
      <method name="Get-CharacterWidth" desc="()" line="81">
        <counter type="INSTRUCTION" missed="9" covered="73" />
        <counter type="LINE" missed="9" covered="68" />
        <counter type="METHOD" missed="0" covered="1" />
      </method>
      <method name="Measure-DisplayWidth" desc="()" line="229">
        <counter type="INSTRUCTION" missed="1" covered="13" />
        <counter type="LINE" missed="1" covered="13" />
        <counter type="METHOD" missed="0" covered="1" />
      </method>
      <counter type="INSTRUCTION" missed="10" covered="86" />
      <counter type="LINE" missed="10" covered="81" />
      <counter type="METHOD" missed="0" covered="2" />
      <counter type="CLASS" missed="0" covered="1" />
    </class>
    <class name="PSWriteColorEX/Public/Test-AnsiSupport" sourcefilename="Public/Test-AnsiSupport.ps1">
      <method name="Test-AnsiSupport" desc="()" line="9">
        <counter type="INSTRUCTION" missed="150" covered="105" />
        <counter type="LINE" missed="138" covered="94" />
        <counter type="METHOD" missed="0" covered="1" />
      </method>
      <counter type="INSTRUCTION" missed="150" covered="105" />
      <counter type="LINE" missed="138" covered="94" />
      <counter type="METHOD" missed="0" covered="1" />
      <counter type="CLASS" missed="0" covered="1" />
    </class>
    <class name="PSWriteColorEX/Public/Write-ColorEX" sourcefilename="Public/Write-ColorEX.ps1">
      <method name="Write-ColorEX" desc="()" line="542">
        <counter type="INSTRUCTION" missed="311" covered="541" />
        <counter type="LINE" missed="241" covered="422" />
        <counter type="METHOD" missed="0" covered="1" />
      </method>
      <method name="Write-DebugLog" desc="()" line="610">
        <counter type="INSTRUCTION" missed="0" covered="2" />
        <counter type="LINE" missed="0" covered="2" />
        <counter type="METHOD" missed="0" covered="1" />
      </method>
      <method name="Write-ColorWarningMsg" desc="()" line="618">
        <counter type="INSTRUCTION" missed="0" covered="2" />
        <counter type="LINE" missed="0" covered="2" />
        <counter type="METHOD" missed="0" covered="1" />
      </method>
      <method name="ConvertANSI4ToNativeColor" desc="()" line="627">
        <counter type="INSTRUCTION" missed="18" covered="0" />
        <counter type="LINE" missed="18" covered="0" />
        <counter type="METHOD" missed="1" covered="0" />
      </method>
      <counter type="INSTRUCTION" missed="329" covered="545" />
      <counter type="LINE" missed="259" covered="426" />
      <counter type="METHOD" missed="1" covered="3" />
      <counter type="CLASS" missed="0" covered="1" />
    </class>
    <class name="PSWriteColorEX/Public/Write-ColorHelpers" sourcefilename="Public/Write-ColorHelpers.ps1">
      <method name="Write-ColorError" desc="()" line="16">
        <counter type="INSTRUCTION" missed="2" covered="16" />
        <counter type="LINE" missed="2" covered="13" />
        <counter type="METHOD" missed="0" covered="1" />
      </method>
      <method name="Write-ColorWarning" desc="()" line="53">
        <counter type="INSTRUCTION" missed="1" covered="16" />
        <counter type="LINE" missed="1" covered="13" />
        <counter type="METHOD" missed="0" covered="1" />
      </method>
      <method name="Write-ColorInfo" desc="()" line="89">
        <counter type="INSTRUCTION" missed="3" covered="14" />
        <counter type="LINE" missed="1" covered="13" />
        <counter type="METHOD" missed="0" covered="1" />
      </method>
      <method name="Write-ColorSuccess" desc="()" line="125">
        <counter type="INSTRUCTION" missed="3" covered="14" />
        <counter type="LINE" missed="1" covered="13" />
        <counter type="METHOD" missed="0" covered="1" />
      </method>
      <method name="Write-ColorCritical" desc="()" line="161">
        <counter type="INSTRUCTION" missed="5" covered="14" />
        <counter type="LINE" missed="3" covered="13" />
        <counter type="METHOD" missed="0" covered="1" />
      </method>
      <method name="Write-ColorDebug" desc="()" line="199">
        <counter type="INSTRUCTION" missed="4" covered="14" />
        <counter type="LINE" missed="2" covered="13" />
        <counter type="METHOD" missed="0" covered="1" />
      </method>
      <method name="Set-ColorDefault" desc="()" line="284">
        <counter type="INSTRUCTION" missed="0" covered="11" />
        <counter type="LINE" missed="0" covered="11" />
        <counter type="METHOD" missed="0" covered="1" />
      </method>
      <method name="Get-ColorProfiles" desc="()" line="322">
        <counter type="INSTRUCTION" missed="0" covered="3" />
        <counter type="LINE" missed="0" covered="3" />
        <counter type="METHOD" missed="0" covered="1" />
      </method>
      <method name="New-ColorStyle" desc="()" line="416">
        <counter type="INSTRUCTION" missed="0" covered="25" />
        <counter type="LINE" missed="0" covered="25" />
        <counter type="METHOD" missed="0" covered="1" />
      </method>
      <counter type="INSTRUCTION" missed="18" covered="127" />
      <counter type="LINE" missed="10" covered="117" />
      <counter type="METHOD" missed="0" covered="9" />
      <counter type="CLASS" missed="0" covered="1" />
    </class>
    <sourcefile name="Public/Convert-ColorValue.ps1">
      <line nr="26" mi="0" ci="1" mb="0" cb="0" />
      <line nr="29" mi="0" ci="1" mb="0" cb="0" />
      <line nr="30" mi="0" ci="1" mb="0" cb="0" />
      <line nr="31" mi="0" ci="2" mb="0" cb="0" />
      <line nr="35" mi="0" ci="1" mb="0" cb="0" />
      <line nr="36" mi="0" ci="1" mb="0" cb="0" />
      <line nr="37" mi="0" ci="1" mb="0" cb="0" />
      <line nr="39" mi="0" ci="2" mb="0" cb="0" />
      <line nr="64" mi="0" ci="1" mb="0" cb="0" />
      <line nr="65" mi="0" ci="1" mb="0" cb="0" />
      <line nr="66" mi="0" ci="1" mb="0" cb="0" />
      <line nr="69" mi="0" ci="1" mb="0" cb="0" />
      <line nr="71" mi="0" ci="2" mb="0" cb="0" />
      <line nr="72" mi="0" ci="1" mb="0" cb="0" />
      <line nr="73" mi="0" ci="1" mb="0" cb="0" />
      <line nr="74" mi="0" ci="1" mb="0" cb="0" />
      <line nr="75" mi="0" ci="1" mb="0" cb="0" />
      <line nr="78" mi="0" ci="2" mb="0" cb="0" />
      <line nr="79" mi="0" ci="1" mb="0" cb="0" />
      <line nr="85" mi="0" ci="1" mb="0" cb="0" />
      <line nr="87" mi="11" ci="0" mb="0" cb="0" />
      <line nr="88" mi="11" ci="0" mb="0" cb="0" />
      <line nr="89" mi="11" ci="0" mb="0" cb="0" />
      <line nr="92" mi="0" ci="1" mb="0" cb="0" />
      <line nr="93" mi="0" ci="1" mb="0" cb="0" />
      <line nr="94" mi="0" ci="1" mb="0" cb="0" />
      <line nr="97" mi="0" ci="3" mb="0" cb="0" />
      <line nr="122" mi="0" ci="1" mb="0" cb="0" />
      <line nr="123" mi="0" ci="1" mb="0" cb="0" />
      <line nr="124" mi="0" ci="1" mb="0" cb="0" />
      <line nr="127" mi="0" ci="1" mb="0" cb="0" />
      <line nr="128" mi="0" ci="1" mb="0" cb="0" />
      <line nr="131" mi="0" ci="2" mb="0" cb="0" />
      <line nr="135" mi="0" ci="1" mb="0" cb="0" />
      <line nr="138" mi="0" ci="1" mb="0" cb="0" />
      <line nr="139" mi="0" ci="1" mb="0" cb="0" />
      <line nr="140" mi="0" ci="1" mb="0" cb="0" />
      <line nr="141" mi="0" ci="1" mb="0" cb="0" />
      <line nr="142" mi="1" ci="0" mb="0" cb="0" />
      <line nr="143" mi="0" ci="1" mb="0" cb="0" />
      <line nr="144" mi="1" ci="0" mb="0" cb="0" />
      <line nr="146" mi="0" ci="1" mb="0" cb="0" />
      <line nr="151" mi="0" ci="1" mb="0" cb="0" />
      <line nr="152" mi="0" ci="1" mb="0" cb="0" />
      <line nr="154" mi="0" ci="3" mb="0" cb="0" />
      <line nr="155" mi="0" ci="1" mb="0" cb="0" />
      <line nr="157" mi="1" ci="2" mb="0" cb="0" />
      <line nr="160" mi="0" ci="3" mb="0" cb="0" />
      <line nr="162" mi="0" ci="1" mb="0" cb="0" />
      <line nr="163" mi="0" ci="1" mb="0" cb="0" />
      <line nr="165" mi="3" ci="0" mb="0" cb="0" />
      <line nr="166" mi="0" ci="1" mb="0" cb="0" />
      <line nr="168" mi="1" ci="2" mb="0" cb="0" />
      <line nr="171" mi="0" ci="3" mb="0" cb="0" />
      <line nr="175" mi="0" ci="1" mb="0" cb="0" />
      <line nr="177" mi="3" ci="0" mb="0" cb="0" />
      <line nr="178" mi="0" ci="1" mb="0" cb="0" />
      <line nr="180" mi="3" ci="0" mb="0" cb="0" />
      <line nr="183" mi="0" ci="3" mb="0" cb="0" />
      <line nr="201" mi="0" ci="1" mb="0" cb="0" />
      <line nr="203" mi="0" ci="3" mb="0" cb="0" />
      <line nr="204" mi="0" ci="3" mb="0" cb="0" />
      <line nr="205" mi="0" ci="3" mb="0" cb="0" />
      <line nr="206" mi="0" ci="3" mb="0" cb="0" />
      <line nr="207" mi="0" ci="3" mb="0" cb="0" />
      <line nr="208" mi="0" ci="3" mb="0" cb="0" />
      <line nr="211" mi="0" ci="3" mb="0" cb="0" />
      <line nr="212" mi="0" ci="3" mb="0" cb="0" />
      <line nr="213" mi="0" ci="3" mb="0" cb="0" />
      <line nr="216" mi="0" ci="3" mb="0" cb="0" />
      <line nr="217" mi="0" ci="3" mb="0" cb="0" />
      <line nr="218" mi="0" ci="3" mb="0" cb="0" />
      <line nr="221" mi="0" ci="3" mb="0" cb="0" />
      <line nr="222" mi="0" ci="3" mb="0" cb="0" />
      <line nr="223" mi="0" ci="3" mb="0" cb="0" />
      <line nr="226" mi="0" ci="3" mb="0" cb="0" />
      <line nr="227" mi="0" ci="3" mb="0" cb="0" />
      <line nr="228" mi="0" ci="3" mb="0" cb="0" />
      <line nr="231" mi="0" ci="3" mb="0" cb="0" />
      <line nr="232" mi="0" ci="3" mb="0" cb="0" />
      <line nr="233" mi="0" ci="3" mb="0" cb="0" />
      <line nr="236" mi="0" ci="3" mb="0" cb="0" />
      <line nr="237" mi="0" ci="3" mb="0" cb="0" />
      <line nr="238" mi="0" ci="3" mb="0" cb="0" />
      <line nr="241" mi="0" ci="3" mb="0" cb="0" />
      <line nr="242" mi="0" ci="3" mb="0" cb="0" />
      <line nr="243" mi="0" ci="3" mb="0" cb="0" />
      <line nr="246" mi="0" ci="3" mb="0" cb="0" />
      <line nr="247" mi="0" ci="3" mb="0" cb="0" />
      <line nr="248" mi="0" ci="3" mb="0" cb="0" />
      <line nr="251" mi="0" ci="3" mb="0" cb="0" />
      <line nr="252" mi="0" ci="3" mb="0" cb="0" />
      <line nr="253" mi="0" ci="3" mb="0" cb="0" />
      <line nr="256" mi="0" ci="3" mb="0" cb="0" />
      <line nr="257" mi="0" ci="3" mb="0" cb="0" />
      <line nr="258" mi="0" ci="3" mb="0" cb="0" />
      <line nr="261" mi="0" ci="3" mb="0" cb="0" />
      <line nr="262" mi="0" ci="3" mb="0" cb="0" />
      <line nr="263" mi="0" ci="3" mb="0" cb="0" />
      <line nr="266" mi="0" ci="3" mb="0" cb="0" />
      <line nr="267" mi="0" ci="3" mb="0" cb="0" />
      <line nr="268" mi="0" ci="3" mb="0" cb="0" />
      <line nr="271" mi="0" ci="3" mb="0" cb="0" />
      <line nr="272" mi="0" ci="3" mb="0" cb="0" />
      <line nr="273" mi="0" ci="3" mb="0" cb="0" />
      <line nr="276" mi="0" ci="3" mb="0" cb="0" />
      <line nr="277" mi="0" ci="3" mb="0" cb="0" />
      <line nr="278" mi="0" ci="3" mb="0" cb="0" />
      <line nr="281" mi="0" ci="3" mb="0" cb="0" />
      <line nr="282" mi="0" ci="3" mb="0" cb="0" />
      <line nr="283" mi="0" ci="3" mb="0" cb="0" />
      <line nr="286" mi="0" ci="3" mb="0" cb="0" />
      <line nr="287" mi="0" ci="3" mb="0" cb="0" />
      <line nr="288" mi="0" ci="3" mb="0" cb="0" />
      <line nr="291" mi="0" ci="3" mb="0" cb="0" />
      <line nr="292" mi="0" ci="3" mb="0" cb="0" />
      <line nr="293" mi="0" ci="3" mb="0" cb="0" />
      <line nr="296" mi="0" ci="3" mb="0" cb="0" />
      <line nr="297" mi="0" ci="3" mb="0" cb="0" />
      <line nr="298" mi="0" ci="3" mb="0" cb="0" />
      <line nr="301" mi="0" ci="3" mb="0" cb="0" />
      <line nr="302" mi="0" ci="3" mb="0" cb="0" />
      <line nr="303" mi="0" ci="3" mb="0" cb="0" />
      <line nr="306" mi="0" ci="3" mb="0" cb="0" />
      <line nr="307" mi="0" ci="3" mb="0" cb="0" />
      <line nr="308" mi="0" ci="3" mb="0" cb="0" />
      <line nr="311" mi="0" ci="3" mb="0" cb="0" />
      <line nr="312" mi="0" ci="3" mb="0" cb="0" />
      <line nr="313" mi="0" ci="3" mb="0" cb="0" />
      <line nr="316" mi="0" ci="3" mb="0" cb="0" />
      <line nr="317" mi="0" ci="3" mb="0" cb="0" />
      <line nr="318" mi="0" ci="3" mb="0" cb="0" />
      <line nr="321" mi="0" ci="3" mb="0" cb="0" />
      <line nr="322" mi="0" ci="3" mb="0" cb="0" />
      <line nr="323" mi="0" ci="3" mb="0" cb="0" />
      <line nr="326" mi="0" ci="3" mb="0" cb="0" />
      <line nr="327" mi="0" ci="3" mb="0" cb="0" />
      <line nr="328" mi="0" ci="3" mb="0" cb="0" />
      <line nr="331" mi="0" ci="3" mb="0" cb="0" />
      <line nr="332" mi="0" ci="3" mb="0" cb="0" />
      <line nr="333" mi="0" ci="3" mb="0" cb="0" />
      <line nr="336" mi="0" ci="3" mb="0" cb="0" />
      <line nr="337" mi="0" ci="3" mb="0" cb="0" />
      <line nr="338" mi="0" ci="3" mb="0" cb="0" />
      <line nr="341" mi="0" ci="3" mb="0" cb="0" />
      <line nr="342" mi="0" ci="3" mb="0" cb="0" />
      <line nr="343" mi="0" ci="3" mb="0" cb="0" />
      <line nr="346" mi="0" ci="3" mb="0" cb="0" />
      <line nr="347" mi="0" ci="3" mb="0" cb="0" />
      <line nr="348" mi="0" ci="3" mb="0" cb="0" />
      <line nr="351" mi="0" ci="3" mb="0" cb="0" />
      <line nr="352" mi="0" ci="3" mb="0" cb="0" />
      <line nr="353" mi="0" ci="3" mb="0" cb="0" />
      <line nr="356" mi="0" ci="3" mb="0" cb="0" />
      <line nr="357" mi="0" ci="3" mb="0" cb="0" />
      <line nr="358" mi="0" ci="3" mb="0" cb="0" />
      <line nr="361" mi="0" ci="3" mb="0" cb="0" />
      <line nr="362" mi="0" ci="3" mb="0" cb="0" />
      <line nr="363" mi="0" ci="3" mb="0" cb="0" />
      <line nr="367" mi="0" ci="3" mb="0" cb="0" />
      <line nr="368" mi="0" ci="3" mb="0" cb="0" />
      <line nr="369" mi="0" ci="3" mb="0" cb="0" />
      <line nr="372" mi="0" ci="3" mb="0" cb="0" />
      <line nr="373" mi="0" ci="3" mb="0" cb="0" />
      <line nr="374" mi="0" ci="3" mb="0" cb="0" />
      <line nr="377" mi="0" ci="3" mb="0" cb="0" />
      <line nr="378" mi="0" ci="3" mb="0" cb="0" />
      <line nr="379" mi="0" ci="3" mb="0" cb="0" />
      <line nr="382" mi="0" ci="3" mb="0" cb="0" />
      <line nr="383" mi="0" ci="3" mb="0" cb="0" />
      <line nr="384" mi="0" ci="3" mb="0" cb="0" />
      <line nr="387" mi="0" ci="3" mb="0" cb="0" />
      <line nr="388" mi="0" ci="3" mb="0" cb="0" />
      <line nr="389" mi="0" ci="3" mb="0" cb="0" />
      <line nr="392" mi="0" ci="3" mb="0" cb="0" />
      <line nr="393" mi="0" ci="3" mb="0" cb="0" />
      <line nr="394" mi="0" ci="3" mb="0" cb="0" />
      <line nr="397" mi="0" ci="3" mb="0" cb="0" />
      <line nr="398" mi="0" ci="3" mb="0" cb="0" />
      <line nr="399" mi="0" ci="3" mb="0" cb="0" />
      <line nr="402" mi="0" ci="3" mb="0" cb="0" />
      <line nr="403" mi="0" ci="3" mb="0" cb="0" />
      <line nr="404" mi="0" ci="3" mb="0" cb="0" />
      <line nr="407" mi="0" ci="3" mb="0" cb="0" />
      <line nr="408" mi="0" ci="3" mb="0" cb="0" />
      <line nr="409" mi="0" ci="3" mb="0" cb="0" />
      <line nr="412" mi="0" ci="3" mb="0" cb="0" />
      <line nr="413" mi="0" ci="3" mb="0" cb="0" />
      <line nr="414" mi="0" ci="3" mb="0" cb="0" />
      <line nr="445" mi="1" ci="0" mb="0" cb="0" />
      <line nr="446" mi="1" ci="0" mb="0" cb="0" />
      <line nr="447" mi="1" ci="0" mb="0" cb="0" />
      <line nr="449" mi="2" ci="0" mb="0" cb="0" />
      <line nr="479" mi="1" ci="0" mb="0" cb="0" />
      <line nr="480" mi="1" ci="0" mb="0" cb="0" />
      <line nr="484" mi="1" ci="0" mb="0" cb="0" />
      <line nr="485" mi="1" ci="0" mb="0" cb="0" />
      <line nr="489" mi="1" ci="0" mb="0" cb="0" />
      <counter type="INSTRUCTION" missed="56" covered="456" />
      <counter type="LINE" missed="17" covered="181" />
      <counter type="METHOD" missed="2" covered="4" />
      <counter type="CLASS" missed="0" covered="1" />
    </sourcefile>
    <sourcefile name="Public/Measure-DisplayWidth.ps1">
      <line nr="81" mi="0" ci="2" mb="0" cb="0" />
      <line nr="82" mi="0" ci="1" mb="0" cb="0" />
      <line nr="83" mi="0" ci="1" mb="0" cb="0" />
      <line nr="84" mi="0" ci="1" mb="0" cb="0" />
      <line nr="85" mi="0" ci="1" mb="0" cb="0" />
      <line nr="86" mi="0" ci="1" mb="0" cb="0" />
      <line nr="87" mi="0" ci="1" mb="0" cb="0" />
      <line nr="88" mi="0" ci="1" mb="0" cb="0" />
      <line nr="89" mi="0" ci="1" mb="0" cb="0" />
      <line nr="90" mi="0" ci="1" mb="0" cb="0" />
      <line nr="91" mi="0" ci="1" mb="0" cb="0" />
      <line nr="92" mi="0" ci="1" mb="0" cb="0" />
      <line nr="93" mi="0" ci="1" mb="0" cb="0" />
      <line nr="94" mi="0" ci="1" mb="0" cb="0" />
      <line nr="100" mi="0" ci="1" mb="0" cb="0" />
      <line nr="101" mi="1" ci="0" mb="0" cb="0" />
      <line nr="106" mi="0" ci="2" mb="0" cb="0" />
      <line nr="107" mi="0" ci="1" mb="0" cb="0" />
      <line nr="108" mi="0" ci="1" mb="0" cb="0" />
      <line nr="109" mi="0" ci="1" mb="0" cb="0" />
      <line nr="110" mi="0" ci="1" mb="0" cb="0" />
      <line nr="111" mi="0" ci="1" mb="0" cb="0" />
      <line nr="112" mi="0" ci="1" mb="0" cb="0" />
      <line nr="113" mi="0" ci="1" mb="0" cb="0" />
      <line nr="114" mi="0" ci="1" mb="0" cb="0" />
      <line nr="115" mi="0" ci="1" mb="0" cb="0" />
      <line nr="116" mi="0" ci="1" mb="0" cb="0" />
      <line nr="117" mi="1" ci="0" mb="0" cb="0" />
      <line nr="121" mi="0" ci="2" mb="0" cb="0" />
      <line nr="122" mi="0" ci="1" mb="0" cb="0" />
      <line nr="123" mi="0" ci="1" mb="0" cb="0" />
      <line nr="124" mi="0" ci="1" mb="0" cb="0" />
      <line nr="125" mi="0" ci="1" mb="0" cb="0" />
      <line nr="126" mi="0" ci="1" mb="0" cb="0" />
      <line nr="127" mi="0" ci="1" mb="0" cb="0" />
      <line nr="128" mi="0" ci="1" mb="0" cb="0" />
      <line nr="129" mi="0" ci="1" mb="0" cb="0" />
      <line nr="130" mi="0" ci="1" mb="0" cb="0" />
      <line nr="131" mi="0" ci="1" mb="0" cb="0" />
      <line nr="132" mi="0" ci="1" mb="0" cb="0" />
      <line nr="133" mi="0" ci="1" mb="0" cb="0" />
      <line nr="134" mi="0" ci="1" mb="0" cb="0" />
      <line nr="135" mi="0" ci="1" mb="0" cb="0" />
      <line nr="136" mi="0" ci="1" mb="0" cb="0" />
      <line nr="137" mi="0" ci="1" mb="0" cb="0" />
      <line nr="138" mi="0" ci="1" mb="0" cb="0" />
      <line nr="139" mi="0" ci="1" mb="0" cb="0" />
      <line nr="140" mi="0" ci="1" mb="0" cb="0" />
      <line nr="141" mi="0" ci="1" mb="0" cb="0" />
      <line nr="142" mi="0" ci="1" mb="0" cb="0" />
      <line nr="143" mi="0" ci="1" mb="0" cb="0" />
      <line nr="144" mi="0" ci="1" mb="0" cb="0" />
      <line nr="145" mi="0" ci="1" mb="0" cb="0" />
      <line nr="146" mi="0" ci="1" mb="0" cb="0" />
      <line nr="147" mi="0" ci="1" mb="0" cb="0" />
      <line nr="148" mi="0" ci="1" mb="0" cb="0" />
      <line nr="149" mi="0" ci="1" mb="0" cb="0" />
      <line nr="150" mi="0" ci="1" mb="0" cb="0" />
      <line nr="151" mi="0" ci="1" mb="0" cb="0" />
      <line nr="156" mi="0" ci="1" mb="0" cb="0" />
      <line nr="157" mi="1" ci="0" mb="0" cb="0" />
      <line nr="158" mi="1" ci="0" mb="0" cb="0" />
      <line nr="160" mi="1" ci="0" mb="0" cb="0" />
      <line nr="165" mi="0" ci="1" mb="0" cb="0" />
      <line nr="166" mi="0" ci="1" mb="0" cb="0" />
      <line nr="199" mi="0" ci="1" mb="0" cb="0" />
      <line nr="200" mi="0" ci="1" mb="0" cb="0" />
      <line nr="201" mi="1" ci="0" mb="0" cb="0" />
      <line nr="203" mi="0" ci="1" mb="0" cb="0" />
      <line nr="208" mi="0" ci="2" mb="0" cb="0" />
      <line nr="209" mi="0" ci="1" mb="0" cb="0" />
      <line nr="210" mi="1" ci="0" mb="0" cb="0" />
      <line nr="211" mi="1" ci="0" mb="0" cb="0" />
      <line nr="213" mi="1" ci="0" mb="0" cb="0" />
      <line nr="218" mi="0" ci="2" mb="0" cb="0" />
      <line nr="219" mi="0" ci="1" mb="0" cb="0" />
      <line nr="223" mi="0" ci="1" mb="0" cb="0" />
      <line nr="229" mi="0" ci="1" mb="0" cb="0" />
      <line nr="230" mi="0" ci="1" mb="0" cb="0" />
      <line nr="233" mi="0" ci="1" mb="0" cb="0" />
      <line nr="236" mi="0" ci="1" mb="0" cb="0" />
      <line nr="238" mi="0" ci="1" mb="0" cb="0" />
      <line nr="239" mi="0" ci="1" mb="0" cb="0" />
      <line nr="242" mi="0" ci="1" mb="0" cb="0" />
      <line nr="243" mi="0" ci="1" mb="0" cb="0" />
      <line nr="245" mi="0" ci="1" mb="0" cb="0" />
      <line nr="248" mi="0" ci="1" mb="0" cb="0" />
      <line nr="252" mi="1" ci="0" mb="0" cb="0" />
      <line nr="259" mi="0" ci="1" mb="0" cb="0" />
      <line nr="260" mi="0" ci="1" mb="0" cb="0" />
      <line nr="263" mi="0" ci="1" mb="0" cb="0" />
      <counter type="INSTRUCTION" missed="10" covered="86" />
      <counter type="LINE" missed="10" covered="81" />
      <counter type="METHOD" missed="0" covered="2" />
      <counter type="CLASS" missed="0" covered="1" />
    </sourcefile>
    <sourcefile name="Public/Test-AnsiSupport.ps1">
      <line nr="9" mi="0" ci="1" mb="0" cb="0" />
      <line nr="10" mi="0" ci="1" mb="0" cb="0" />
      <line nr="11" mi="0" ci="1" mb="0" cb="0" />
      <line nr="12" mi="0" ci="1" mb="0" cb="0" />
      <line nr="13" mi="0" ci="1" mb="0" cb="0" />
      <line nr="14" mi="0" ci="1" mb="0" cb="0" />
      <line nr="15" mi="0" ci="1" mb="0" cb="0" />
      <line nr="16" mi="0" ci="1" mb="0" cb="0" />
      <line nr="17" mi="0" ci="1" mb="0" cb="0" />
      <line nr="18" mi="0" ci="1" mb="0" cb="0" />
      <line nr="19" mi="0" ci="1" mb="0" cb="0" />
      <line nr="20" mi="0" ci="1" mb="0" cb="0" />
      <line nr="21" mi="0" ci="1" mb="0" cb="0" />
      <line nr="22" mi="0" ci="1" mb="0" cb="0" />
      <line nr="23" mi="0" ci="1" mb="0" cb="0" />
      <line nr="24" mi="0" ci="1" mb="0" cb="0" />
      <line nr="25" mi="0" ci="1" mb="0" cb="0" />
      <line nr="26" mi="0" ci="1" mb="0" cb="0" />
      <line nr="27" mi="0" ci="1" mb="0" cb="0" />
      <line nr="28" mi="0" ci="1" mb="0" cb="0" />
      <line nr="29" mi="0" ci="1" mb="0" cb="0" />
      <line nr="31" mi="0" ci="1" mb="0" cb="0" />
      <line nr="36" mi="0" ci="1" mb="0" cb="0" />
      <line nr="37" mi="0" ci="1" mb="0" cb="0" />
      <line nr="38" mi="0" ci="1" mb="0" cb="0" />
      <line nr="39" mi="0" ci="2" mb="0" cb="0" />
      <line nr="40" mi="0" ci="2" mb="0" cb="0" />
      <line nr="41" mi="0" ci="2" mb="0" cb="0" />
      <line nr="42" mi="0" ci="3" mb="0" cb="0" />
      <line nr="47" mi="0" ci="1" mb="0" cb="0" />
      <line nr="48" mi="0" ci="1" mb="0" cb="0" />
      <line nr="49" mi="0" ci="1" mb="0" cb="0" />
      <line nr="53" mi="0" ci="1" mb="0" cb="0" />
      <line nr="54" mi="0" ci="1" mb="0" cb="0" />
      <line nr="55" mi="0" ci="1" mb="0" cb="0" />
      <line nr="56" mi="0" ci="1" mb="0" cb="0" />
      <line nr="57" mi="0" ci="1" mb="0" cb="0" />
      <line nr="58" mi="0" ci="1" mb="0" cb="0" />
      <line nr="61" mi="0" ci="1" mb="0" cb="0" />
      <line nr="62" mi="0" ci="1" mb="0" cb="0" />
      <line nr="63" mi="0" ci="1" mb="0" cb="0" />
      <line nr="64" mi="0" ci="1" mb="0" cb="0" />
      <line nr="65" mi="0" ci="1" mb="0" cb="0" />
      <line nr="66" mi="0" ci="1" mb="0" cb="0" />
      <line nr="67" mi="0" ci="1" mb="0" cb="0" />
      <line nr="68" mi="0" ci="1" mb="0" cb="0" />
      <line nr="69" mi="0" ci="1" mb="0" cb="0" />
      <line nr="73" mi="0" ci="1" mb="0" cb="0" />
      <line nr="75" mi="1" ci="0" mb="0" cb="0" />
      <line nr="78" mi="1" ci="0" mb="0" cb="0" />
      <line nr="79" mi="1" ci="0" mb="0" cb="0" />
      <line nr="80" mi="1" ci="0" mb="0" cb="0" />
      <line nr="81" mi="1" ci="0" mb="0" cb="0" />
      <line nr="82" mi="1" ci="0" mb="0" cb="0" />
      <line nr="84" mi="1" ci="0" mb="0" cb="0" />
      <line nr="85" mi="1" ci="0" mb="0" cb="0" />
      <line nr="87" mi="1" ci="0" mb="0" cb="0" />
      <line nr="88" mi="1" ci="0" mb="0" cb="0" />
      <line nr="89" mi="1" ci="0" mb="0" cb="0" />
      <line nr="90" mi="1" ci="0" mb="0" cb="0" />
      <line nr="92" mi="1" ci="0" mb="0" cb="0" />
      <line nr="94" mi="1" ci="0" mb="0" cb="0" />
      <line nr="95" mi="1" ci="0" mb="0" cb="0" />
      <line nr="96" mi="1" ci="0" mb="0" cb="0" />
      <line nr="98" mi="1" ci="0" mb="0" cb="0" />
      <line nr="99" mi="1" ci="0" mb="0" cb="0" />
      <line nr="100" mi="1" ci="0" mb="0" cb="0" />
      <line nr="101" mi="1" ci="0" mb="0" cb="0" />
      <line nr="103" mi="1" ci="0" mb="0" cb="0" />
      <line nr="104" mi="1" ci="0" mb="0" cb="0" />
      <line nr="105" mi="1" ci="0" mb="0" cb="0" />
      <line nr="108" mi="1" ci="0" mb="0" cb="0" />
      <line nr="109" mi="1" ci="0" mb="0" cb="0" />
      <line nr="110" mi="1" ci="0" mb="0" cb="0" />
      <line nr="112" mi="1" ci="0" mb="0" cb="0" />
      <line nr="113" mi="1" ci="0" mb="0" cb="0" />
      <line nr="114" mi="1" ci="0" mb="0" cb="0" />
      <line nr="115" mi="1" ci="0" mb="0" cb="0" />
      <line nr="116" mi="1" ci="0" mb="0" cb="0" />
      <line nr="117" mi="1" ci="0" mb="0" cb="0" />
      <line nr="118" mi="1" ci="0" mb="0" cb="0" />
      <line nr="120" mi="1" ci="0" mb="0" cb="0" />
      <line nr="122" mi="1" ci="0" mb="0" cb="0" />
      <line nr="124" mi="1" ci="0" mb="0" cb="0" />
      <line nr="125" mi="1" ci="0" mb="0" cb="0" />
      <line nr="126" mi="1" ci="0" mb="0" cb="0" />
      <line nr="127" mi="1" ci="0" mb="0" cb="0" />
      <line nr="128" mi="1" ci="0" mb="0" cb="0" />
      <line nr="129" mi="1" ci="0" mb="0" cb="0" />
      <line nr="131" mi="1" ci="0" mb="0" cb="0" />
      <line nr="132" mi="1" ci="0" mb="0" cb="0" />
      <line nr="133" mi="1" ci="0" mb="0" cb="0" />
      <line nr="134" mi="1" ci="0" mb="0" cb="0" />
      <line nr="135" mi="1" ci="0" mb="0" cb="0" />
      <line nr="137" mi="1" ci="0" mb="0" cb="0" />
      <line nr="138" mi="1" ci="0" mb="0" cb="0" />
      <line nr="142" mi="1" ci="0" mb="0" cb="0" />
      <line nr="143" mi="1" ci="0" mb="0" cb="0" />
      <line nr="144" mi="1" ci="0" mb="0" cb="0" />
      <line nr="145" mi="1" ci="0" mb="0" cb="0" />
      <line nr="147" mi="1" ci="0" mb="0" cb="0" />
      <line nr="148" mi="1" ci="0" mb="0" cb="0" />
      <line nr="149" mi="1" ci="0" mb="0" cb="0" />
      <line nr="150" mi="1" ci="0" mb="0" cb="0" />
      <line nr="153" mi="1" ci="0" mb="0" cb="0" />
      <line nr="154" mi="1" ci="0" mb="0" cb="0" />
      <line nr="155" mi="1" ci="0" mb="0" cb="0" />
      <line nr="156" mi="1" ci="0" mb="0" cb="0" />
      <line nr="158" mi="1" ci="0" mb="0" cb="0" />
      <line nr="159" mi="1" ci="0" mb="0" cb="0" />
      <line nr="160" mi="1" ci="0" mb="0" cb="0" />
      <line nr="162" mi="1" ci="0" mb="0" cb="0" />
      <line nr="163" mi="1" ci="0" mb="0" cb="0" />
      <line nr="164" mi="1" ci="0" mb="0" cb="0" />
      <line nr="165" mi="1" ci="0" mb="0" cb="0" />
      <line nr="167" mi="1" ci="0" mb="0" cb="0" />
      <line nr="168" mi="1" ci="0" mb="0" cb="0" />
      <line nr="171" mi="1" ci="0" mb="0" cb="0" />
      <line nr="172" mi="1" ci="0" mb="0" cb="0" />
      <line nr="173" mi="1" ci="0" mb="0" cb="0" />
      <line nr="174" mi="1" ci="0" mb="0" cb="0" />
      <line nr="175" mi="1" ci="0" mb="0" cb="0" />
      <line nr="176" mi="1" ci="0" mb="0" cb="0" />
      <line nr="178" mi="1" ci="0" mb="0" cb="0" />
      <line nr="179" mi="1" ci="0" mb="0" cb="0" />
      <line nr="181" mi="1" ci="0" mb="0" cb="0" />
      <line nr="185" mi="1" ci="0" mb="0" cb="0" />
      <line nr="186" mi="1" ci="0" mb="0" cb="0" />
      <line nr="187" mi="1" ci="0" mb="0" cb="0" />
      <line nr="188" mi="1" ci="0" mb="0" cb="0" />
      <line nr="190" mi="1" ci="0" mb="0" cb="0" />
      <line nr="191" mi="1" ci="0" mb="0" cb="0" />
      <line nr="192" mi="1" ci="0" mb="0" cb="0" />
      <line nr="193" mi="1" ci="0" mb="0" cb="0" />
      <line nr="198" mi="1" ci="0" mb="0" cb="0" />
      <line nr="200" mi="0" ci="1" mb="0" cb="0" />
      <line nr="202" mi="0" ci="1" mb="0" cb="0" />
      <line nr="203" mi="0" ci="3" mb="0" cb="0" />
      <line nr="204" mi="0" ci="3" mb="0" cb="0" />
      <line nr="207" mi="0" ci="1" mb="0" cb="0" />
      <line nr="208" mi="0" ci="1" mb="0" cb="0" />
      <line nr="209" mi="0" ci="1" mb="0" cb="0" />
      <line nr="210" mi="0" ci="1" mb="0" cb="0" />
      <line nr="212" mi="0" ci="1" mb="0" cb="0" />
      <line nr="213" mi="0" ci="1" mb="0" cb="0" />
      <line nr="214" mi="0" ci="1" mb="0" cb="0" />
      <line nr="215" mi="0" ci="1" mb="0" cb="0" />
      <line nr="217" mi="0" ci="1" mb="0" cb="0" />
      <line nr="218" mi="0" ci="1" mb="0" cb="0" />
      <line nr="221" mi="1" ci="0" mb="0" cb="0" />
      <line nr="222" mi="1" ci="0" mb="0" cb="0" />
      <line nr="226" mi="0" ci="1" mb="0" cb="0" />
      <line nr="227" mi="0" ci="1" mb="0" cb="0" />
      <line nr="228" mi="0" ci="1" mb="0" cb="0" />
      <line nr="229" mi="1" ci="2" mb="0" cb="0" />
      <line nr="230" mi="0" ci="1" mb="0" cb="0" />
      <line nr="231" mi="0" ci="1" mb="0" cb="0" />
      <line nr="232" mi="0" ci="1" mb="0" cb="0" />
      <line nr="233" mi="0" ci="1" mb="0" cb="0" />
      <line nr="236" mi="0" ci="1" mb="0" cb="0" />
      <line nr="237" mi="1" ci="0" mb="0" cb="0" />
      <line nr="238" mi="1" ci="0" mb="0" cb="0" />
      <line nr="239" mi="1" ci="0" mb="0" cb="0" />
      <line nr="240" mi="1" ci="0" mb="0" cb="0" />
      <line nr="241" mi="1" ci="0" mb="0" cb="0" />
      <line nr="242" mi="1" ci="0" mb="0" cb="0" />
      <line nr="245" mi="0" ci="1" mb="0" cb="0" />
      <line nr="246" mi="0" ci="1" mb="0" cb="0" />
      <line nr="247" mi="0" ci="1" mb="0" cb="0" />
      <line nr="248" mi="0" ci="1" mb="0" cb="0" />
      <line nr="249" mi="0" ci="1" mb="0" cb="0" />
      <line nr="250" mi="0" ci="1" mb="0" cb="0" />
      <line nr="251" mi="0" ci="1" mb="0" cb="0" />
      <line nr="254" mi="0" ci="1" mb="0" cb="0" />
      <line nr="255" mi="1" ci="0" mb="0" cb="0" />
      <line nr="256" mi="1" ci="0" mb="0" cb="0" />
      <line nr="257" mi="1" ci="0" mb="0" cb="0" />
      <line nr="258" mi="1" ci="0" mb="0" cb="0" />
      <line nr="259" mi="1" ci="0" mb="0" cb="0" />
      <line nr="262" mi="0" ci="1" mb="0" cb="0" />
      <line nr="263" mi="0" ci="1" mb="0" cb="0" />
      <line nr="264" mi="3" ci="2" mb="0" cb="0" />
      <line nr="265" mi="0" ci="1" mb="0" cb="0" />
      <line nr="266" mi="0" ci="1" mb="0" cb="0" />
      <line nr="267" mi="0" ci="1" mb="0" cb="0" />
      <line nr="268" mi="0" ci="1" mb="0" cb="0" />
      <line nr="269" mi="0" ci="1" mb="0" cb="0" />
      <line nr="273" mi="1" ci="0" mb="0" cb="0" />
      <line nr="274" mi="1" ci="0" mb="0" cb="0" />
      <line nr="275" mi="1" ci="0" mb="0" cb="0" />
      <line nr="276" mi="1" ci="0" mb="0" cb="0" />
      <line nr="277" mi="2" ci="0" mb="0" cb="0" />
      <line nr="280" mi="1" ci="0" mb="0" cb="0" />
      <line nr="283" mi="2" ci="0" mb="0" cb="0" />
      <line nr="284" mi="1" ci="0" mb="0" cb="0" />
      <line nr="301" mi="1" ci="0" mb="0" cb="0" />
      <line nr="303" mi="1" ci="0" mb="0" cb="0" />
      <line nr="304" mi="1" ci="0" mb="0" cb="0" />
      <line nr="307" mi="1" ci="0" mb="0" cb="0" />
      <line nr="308" mi="1" ci="0" mb="0" cb="0" />
      <line nr="310" mi="1" ci="0" mb="0" cb="0" />
      <line nr="311" mi="2" ci="0" mb="0" cb="0" />
      <line nr="314" mi="1" ci="0" mb="0" cb="0" />
      <line nr="315" mi="1" ci="0" mb="0" cb="0" />
      <line nr="316" mi="1" ci="0" mb="0" cb="0" />
      <line nr="317" mi="1" ci="0" mb="0" cb="0" />
      <line nr="318" mi="1" ci="0" mb="0" cb="0" />
      <line nr="319" mi="1" ci="0" mb="0" cb="0" />
      <line nr="324" mi="1" ci="0" mb="0" cb="0" />
      <line nr="325" mi="1" ci="0" mb="0" cb="0" />
      <line nr="326" mi="5" ci="0" mb="0" cb="0" />
      <line nr="327" mi="1" ci="0" mb="0" cb="0" />
      <line nr="329" mi="1" ci="0" mb="0" cb="0" />
      <line nr="330" mi="1" ci="0" mb="0" cb="0" />
      <line nr="331" mi="1" ci="0" mb="0" cb="0" />
      <line nr="334" mi="1" ci="0" mb="0" cb="0" />
      <line nr="335" mi="1" ci="0" mb="0" cb="0" />
      <line nr="343" mi="1" ci="0" mb="0" cb="0" />
      <line nr="347" mi="0" ci="1" mb="0" cb="0" />
      <line nr="350" mi="0" ci="1" mb="0" cb="0" />
      <line nr="351" mi="1" ci="0" mb="0" cb="0" />
      <line nr="356" mi="0" ci="1" mb="0" cb="0" />
      <line nr="358" mi="1" ci="0" mb="0" cb="0" />
      <line nr="362" mi="0" ci="1" mb="0" cb="0" />
      <line nr="364" mi="0" ci="1" mb="0" cb="0" />
      <line nr="365" mi="1" ci="0" mb="0" cb="0" />
      <line nr="366" mi="1" ci="0" mb="0" cb="0" />
      <line nr="367" mi="1" ci="0" mb="0" cb="0" />
      <line nr="368" mi="2" ci="0" mb="0" cb="0" />
      <line nr="373" mi="0" ci="1" mb="0" cb="0" />
      <line nr="374" mi="1" ci="0" mb="0" cb="0" />
      <line nr="379" mi="0" ci="1" mb="0" cb="0" />
      <counter type="INSTRUCTION" missed="150" covered="105" />
      <counter type="LINE" missed="138" covered="94" />
      <counter type="METHOD" missed="0" covered="1" />
      <counter type="CLASS" missed="0" covered="1" />
    </sourcefile>
    <sourcefile name="Public/Write-ColorEX.ps1">
      <line nr="542" mi="0" ci="2" mb="0" cb="0" />
      <line nr="543" mi="0" ci="1" mb="0" cb="0" />
      <line nr="545" mi="0" ci="1" mb="0" cb="0" />
      <line nr="546" mi="0" ci="1" mb="0" cb="0" />
      <line nr="547" mi="1" ci="0" mb="0" cb="0" />
      <line nr="550" mi="0" ci="1" mb="0" cb="0" />
      <line nr="552" mi="1" ci="0" mb="0" cb="0" />
      <line nr="556" mi="0" ci="2" mb="0" cb="0" />
      <line nr="557" mi="0" ci="1" mb="0" cb="0" />
      <line nr="559" mi="0" ci="1" mb="0" cb="0" />
      <line nr="560" mi="0" ci="1" mb="0" cb="0" />
      <line nr="561" mi="1" ci="0" mb="0" cb="0" />
      <line nr="564" mi="0" ci="1" mb="0" cb="0" />
      <line nr="566" mi="1" ci="0" mb="0" cb="0" />
      <line nr="573" mi="0" ci="1" mb="0" cb="0" />
      <line nr="589" mi="0" ci="3" mb="0" cb="0" />
      <line nr="610" mi="0" ci="1" mb="0" cb="0" />
      <line nr="611" mi="0" ci="1" mb="0" cb="0" />
      <line nr="618" mi="0" ci="1" mb="0" cb="0" />
      <line nr="619" mi="0" ci="1" mb="0" cb="0" />
      <line nr="627" mi="1" ci="0" mb="0" cb="0" />
      <line nr="628" mi="1" ci="0" mb="0" cb="0" />
      <line nr="629" mi="1" ci="0" mb="0" cb="0" />
      <line nr="630" mi="1" ci="0" mb="0" cb="0" />
      <line nr="631" mi="1" ci="0" mb="0" cb="0" />
      <line nr="632" mi="1" ci="0" mb="0" cb="0" />
      <line nr="633" mi="1" ci="0" mb="0" cb="0" />
      <line nr="634" mi="1" ci="0" mb="0" cb="0" />
      <line nr="635" mi="1" ci="0" mb="0" cb="0" />
      <line nr="636" mi="1" ci="0" mb="0" cb="0" />
      <line nr="637" mi="1" ci="0" mb="0" cb="0" />
      <line nr="638" mi="1" ci="0" mb="0" cb="0" />
      <line nr="639" mi="1" ci="0" mb="0" cb="0" />
      <line nr="640" mi="1" ci="0" mb="0" cb="0" />
      <line nr="641" mi="1" ci="0" mb="0" cb="0" />
      <line nr="642" mi="1" ci="0" mb="0" cb="0" />
      <line nr="643" mi="1" ci="0" mb="0" cb="0" />
      <line nr="644" mi="1" ci="0" mb="0" cb="0" />
      <line nr="648" mi="0" ci="2" mb="0" cb="0" />
      <line nr="651" mi="0" ci="1" mb="0" cb="0" />
      <line nr="652" mi="0" ci="2" mb="0" cb="0" />
      <line nr="653" mi="0" ci="2" mb="0" cb="0" />
      <line nr="654" mi="0" ci="1" mb="0" cb="0" />
      <line nr="658" mi="0" ci="1" mb="0" cb="0" />
      <line nr="659" mi="0" ci="2" mb="0" cb="0" />
      <line nr="660" mi="0" ci="2" mb="0" cb="0" />
      <line nr="661" mi="0" ci="2" mb="0" cb="0" />
      <line nr="663" mi="0" ci="1" mb="0" cb="0" />
      <line nr="664" mi="0" ci="1" mb="0" cb="0" />
      <line nr="666" mi="0" ci="1" mb="0" cb="0" />
      <line nr="667" mi="0" ci="1" mb="0" cb="0" />
      <line nr="668" mi="0" ci="1" mb="0" cb="0" />
      <line nr="669" mi="0" ci="1" mb="0" cb="0" />
      <line nr="670" mi="1" ci="0" mb="0" cb="0" />
      <line nr="671" mi="1" ci="0" mb="0" cb="0" />
      <line nr="672" mi="1" ci="0" mb="0" cb="0" />
      <line nr="673" mi="1" ci="0" mb="0" cb="0" />
      <line nr="675" mi="1" ci="0" mb="0" cb="0" />
      <line nr="676" mi="1" ci="0" mb="0" cb="0" />
      <line nr="677" mi="1" ci="0" mb="0" cb="0" />
      <line nr="682" mi="0" ci="1" mb="0" cb="0" />
      <line nr="683" mi="0" ci="2" mb="0" cb="0" />
      <line nr="684" mi="0" ci="1" mb="0" cb="0" />
      <line nr="685" mi="0" ci="1" mb="0" cb="0" />
      <line nr="686" mi="0" ci="1" mb="0" cb="0" />
      <line nr="687" mi="0" ci="1" mb="0" cb="0" />
      <line nr="693" mi="0" ci="1" mb="0" cb="0" />
      <line nr="694" mi="0" ci="1" mb="0" cb="0" />
      <line nr="695" mi="0" ci="1" mb="0" cb="0" />
      <line nr="696" mi="0" ci="1" mb="0" cb="0" />
      <line nr="697" mi="0" ci="1" mb="0" cb="0" />
      <line nr="698" mi="0" ci="1" mb="0" cb="0" />
      <line nr="704" mi="0" ci="1" mb="0" cb="0" />
      <line nr="705" mi="0" ci="1" mb="0" cb="0" />
      <line nr="706" mi="0" ci="1" mb="0" cb="0" />
      <line nr="709" mi="0" ci="1" mb="0" cb="0" />
      <line nr="712" mi="0" ci="4" mb="0" cb="0" />
      <line nr="713" mi="0" ci="2" mb="0" cb="0" />
      <line nr="717" mi="0" ci="1" mb="0" cb="0" />
      <line nr="720" mi="0" ci="4" mb="0" cb="0" />
      <line nr="721" mi="0" ci="2" mb="0" cb="0" />
      <line nr="725" mi="0" ci="1" mb="0" cb="0" />
      <line nr="726" mi="0" ci="1" mb="0" cb="0" />
      <line nr="729" mi="0" ci="1" mb="0" cb="0" />
      <line nr="731" mi="0" ci="1" mb="0" cb="0" />
      <line nr="733" mi="1" ci="0" mb="0" cb="0" />
      <line nr="734" mi="1" ci="0" mb="0" cb="0" />
      <line nr="735" mi="1" ci="0" mb="0" cb="0" />
      <line nr="738" mi="0" ci="1" mb="0" cb="0" />
      <line nr="740" mi="1" ci="0" mb="0" cb="0" />
      <line nr="744" mi="0" ci="1" mb="0" cb="0" />
      <line nr="745" mi="0" ci="1" mb="0" cb="0" />
      <line nr="747" mi="0" ci="1" mb="0" cb="0" />
      <line nr="750" mi="0" ci="1" mb="0" cb="0" />
      <line nr="751" mi="0" ci="1" mb="0" cb="0" />
      <line nr="754" mi="0" ci="1" mb="0" cb="0" />
      <line nr="756" mi="1" ci="0" mb="0" cb="0" />
      <line nr="757" mi="1" ci="0" mb="0" cb="0" />
      <line nr="759" mi="1" ci="0" mb="0" cb="0" />
      <line nr="760" mi="1" ci="0" mb="0" cb="0" />
      <line nr="764" mi="0" ci="1" mb="0" cb="0" />
      <line nr="768" mi="0" ci="1" mb="0" cb="0" />
      <line nr="769" mi="0" ci="1" mb="0" cb="0" />
      <line nr="771" mi="0" ci="2" mb="0" cb="0" />
      <line nr="774" mi="0" ci="1" mb="0" cb="0" />
      <line nr="776" mi="0" ci="2" mb="0" cb="0" />
      <line nr="777" mi="0" ci="1" mb="0" cb="0" />
      <line nr="780" mi="0" ci="2" mb="0" cb="0" />
      <line nr="781" mi="0" ci="1" mb="0" cb="0" />
      <line nr="785" mi="0" ci="1" mb="0" cb="0" />
      <line nr="790" mi="0" ci="1" mb="0" cb="0" />
      <line nr="793" mi="0" ci="1" mb="0" cb="0" />
      <line nr="794" mi="0" ci="1" mb="0" cb="0" />
      <line nr="795" mi="0" ci="1" mb="0" cb="0" />
      <line nr="796" mi="0" ci="1" mb="0" cb="0" />
      <line nr="800" mi="0" ci="1" mb="0" cb="0" />
      <line nr="801" mi="0" ci="2" mb="0" cb="0" />
      <line nr="802" mi="0" ci="1" mb="0" cb="0" />
      <line nr="803" mi="0" ci="1" mb="0" cb="0" />
      <line nr="804" mi="0" ci="1" mb="0" cb="0" />
      <line nr="805" mi="0" ci="1" mb="0" cb="0" />
      <line nr="806" mi="0" ci="1" mb="0" cb="0" />
      <line nr="807" mi="1" ci="0" mb="0" cb="0" />
      <line nr="809" mi="0" ci="1" mb="0" cb="0" />
      <line nr="810" mi="0" ci="1" mb="0" cb="0" />
      <line nr="811" mi="0" ci="1" mb="0" cb="0" />
      <line nr="812" mi="0" ci="1" mb="0" cb="0" />
      <line nr="815" mi="0" ci="1" mb="0" cb="0" />
      <line nr="817" mi="1" ci="0" mb="0" cb="0" />
      <line nr="819" mi="0" ci="1" mb="0" cb="0" />
      <line nr="820" mi="0" ci="1" mb="0" cb="0" />
      <line nr="822" mi="0" ci="1" mb="0" cb="0" />
      <line nr="825" mi="0" ci="1" mb="0" cb="0" />
      <line nr="826" mi="0" ci="1" mb="0" cb="0" />
      <line nr="827" mi="0" ci="1" mb="0" cb="0" />
      <line nr="828" mi="0" ci="1" mb="0" cb="0" />
      <line nr="829" mi="1" ci="0" mb="0" cb="0" />
      <line nr="830" mi="0" ci="1" mb="0" cb="0" />
      <line nr="831" mi="0" ci="1" mb="0" cb="0" />
      <line nr="833" mi="0" ci="1" mb="0" cb="0" />
      <line nr="835" mi="0" ci="1" mb="0" cb="0" />
      <line nr="839" mi="0" ci="1" mb="0" cb="0" />
      <line nr="840" mi="0" ci="1" mb="0" cb="0" />
      <line nr="841" mi="0" ci="1" mb="0" cb="0" />
      <line nr="842" mi="0" ci="1" mb="0" cb="0" />
      <line nr="843" mi="0" ci="1" mb="0" cb="0" />
      <line nr="844" mi="0" ci="1" mb="0" cb="0" />
      <line nr="845" mi="0" ci="1" mb="0" cb="0" />
      <line nr="847" mi="0" ci="1" mb="0" cb="0" />
      <line nr="848" mi="0" ci="1" mb="0" cb="0" />
      <line nr="849" mi="0" ci="1" mb="0" cb="0" />
      <line nr="850" mi="0" ci="1" mb="0" cb="0" />
      <line nr="851" mi="0" ci="1" mb="0" cb="0" />
      <line nr="852" mi="0" ci="1" mb="0" cb="0" />
      <line nr="853" mi="0" ci="1" mb="0" cb="0" />
      <line nr="854" mi="0" ci="1" mb="0" cb="0" />
      <line nr="855" mi="0" ci="1" mb="0" cb="0" />
      <line nr="856" mi="0" ci="1" mb="0" cb="0" />
      <line nr="858" mi="1" ci="0" mb="0" cb="0" />
      <line nr="859" mi="1" ci="0" mb="0" cb="0" />
      <line nr="860" mi="1" ci="0" mb="0" cb="0" />
      <line nr="862" mi="0" ci="1" mb="0" cb="0" />
      <line nr="864" mi="0" ci="1" mb="0" cb="0" />
      <line nr="865" mi="0" ci="1" mb="0" cb="0" />
      <line nr="866" mi="0" ci="1" mb="0" cb="0" />
      <line nr="867" mi="0" ci="1" mb="0" cb="0" />
      <line nr="871" mi="0" ci="1" mb="0" cb="0" />
      <line nr="872" mi="0" ci="2" mb="0" cb="0" />
      <line nr="875" mi="0" ci="1" mb="0" cb="0" />
      <line nr="876" mi="0" ci="1" mb="0" cb="0" />
      <line nr="877" mi="0" ci="1" mb="0" cb="0" />
      <line nr="878" mi="0" ci="1" mb="0" cb="0" />
      <line nr="879" mi="0" ci="1" mb="0" cb="0" />
      <line nr="880" mi="0" ci="1" mb="0" cb="0" />
      <line nr="881" mi="0" ci="1" mb="0" cb="0" />
      <line nr="882" mi="0" ci="1" mb="0" cb="0" />
      <line nr="885" mi="0" ci="1" mb="0" cb="0" />
      <line nr="886" mi="0" ci="1" mb="0" cb="0" />
      <line nr="887" mi="0" ci="1" mb="0" cb="0" />
      <line nr="888" mi="0" ci="1" mb="0" cb="0" />
      <line nr="889" mi="1" ci="0" mb="0" cb="0" />
      <line nr="890" mi="1" ci="0" mb="0" cb="0" />
      <line nr="891" mi="1" ci="0" mb="0" cb="0" />
      <line nr="894" mi="0" ci="1" mb="0" cb="0" />
      <line nr="899" mi="0" ci="1" mb="0" cb="0" />
      <line nr="900" mi="0" ci="5" mb="0" cb="0" />
      <line nr="902" mi="0" ci="1" mb="0" cb="0" />
      <line nr="905" mi="0" ci="2" mb="0" cb="0" />
      <line nr="906" mi="0" ci="2" mb="0" cb="0" />
      <line nr="907" mi="0" ci="2" mb="0" cb="0" />
      <line nr="908" mi="0" ci="2" mb="0" cb="0" />
      <line nr="910" mi="0" ci="1" mb="0" cb="0" />
      <line nr="916" mi="0" ci="1" mb="0" cb="0" />
      <line nr="918" mi="0" ci="1" mb="0" cb="0" />
      <line nr="921" mi="0" ci="1" mb="0" cb="0" />
      <line nr="922" mi="0" ci="1" mb="0" cb="0" />
      <line nr="923" mi="0" ci="1" mb="0" cb="0" />
      <line nr="924" mi="0" ci="1" mb="0" cb="0" />
      <line nr="925" mi="0" ci="1" mb="0" cb="0" />
      <line nr="926" mi="0" ci="1" mb="0" cb="0" />
      <line nr="927" mi="0" ci="1" mb="0" cb="0" />
      <line nr="928" mi="0" ci="1" mb="0" cb="0" />
      <line nr="929" mi="0" ci="1" mb="0" cb="0" />
      <line nr="930" mi="0" ci="1" mb="0" cb="0" />
      <line nr="931" mi="0" ci="1" mb="0" cb="0" />
      <line nr="935" mi="0" ci="1" mb="0" cb="0" />
      <line nr="936" mi="0" ci="1" mb="0" cb="0" />
      <line nr="937" mi="0" ci="1" mb="0" cb="0" />
      <line nr="938" mi="1" ci="0" mb="0" cb="0" />
      <line nr="941" mi="0" ci="1" mb="0" cb="0" />
      <line nr="942" mi="0" ci="3" mb="0" cb="0" />
      <line nr="943" mi="0" ci="3" mb="0" cb="0" />
      <line nr="944" mi="0" ci="3" mb="0" cb="0" />
      <line nr="945" mi="0" ci="3" mb="0" cb="0" />
      <line nr="946" mi="0" ci="3" mb="0" cb="0" />
      <line nr="947" mi="0" ci="3" mb="0" cb="0" />
      <line nr="948" mi="0" ci="3" mb="0" cb="0" />
      <line nr="949" mi="0" ci="3" mb="0" cb="0" />
      <line nr="950" mi="0" ci="3" mb="0" cb="0" />
      <line nr="951" mi="0" ci="3" mb="0" cb="0" />
      <line nr="952" mi="0" ci="3" mb="0" cb="0" />
      <line nr="953" mi="0" ci="3" mb="0" cb="0" />
      <line nr="954" mi="0" ci="3" mb="0" cb="0" />
      <line nr="955" mi="0" ci="3" mb="0" cb="0" />
      <line nr="956" mi="0" ci="3" mb="0" cb="0" />
      <line nr="957" mi="0" ci="3" mb="0" cb="0" />
      <line nr="960" mi="0" ci="2" mb="0" cb="0" />
      <line nr="963" mi="0" ci="1" mb="0" cb="0" />
      <line nr="964" mi="0" ci="2" mb="0" cb="0" />
      <line nr="967" mi="0" ci="1" mb="0" cb="0" />
      <line nr="968" mi="0" ci="1" mb="0" cb="0" />
      <line nr="969" mi="0" ci="1" mb="0" cb="0" />
      <line nr="970" mi="0" ci="1" mb="0" cb="0" />
      <line nr="971" mi="0" ci="1" mb="0" cb="0" />
      <line nr="972" mi="0" ci="1" mb="0" cb="0" />
      <line nr="973" mi="0" ci="1" mb="0" cb="0" />
      <line nr="974" mi="0" ci="2" mb="0" cb="0" />
      <line nr="978" mi="0" ci="1" mb="0" cb="0" />
      <line nr="979" mi="0" ci="1" mb="0" cb="0" />
      <line nr="982" mi="0" ci="1" mb="0" cb="0" />
      <line nr="983" mi="0" ci="1" mb="0" cb="0" />
      <line nr="984" mi="0" ci="1" mb="0" cb="0" />
      <line nr="986" mi="0" ci="1" mb="0" cb="0" />
      <line nr="989" mi="0" ci="1" mb="0" cb="0" />
      <line nr="990" mi="2" ci="0" mb="0" cb="0" />
      <line nr="991" mi="2" ci="0" mb="0" cb="0" />
      <line nr="992" mi="1" ci="0" mb="0" cb="0" />
      <line nr="995" mi="1" ci="2" mb="0" cb="0" />
      <line nr="996" mi="0" ci="1" mb="0" cb="0" />
      <line nr="999" mi="0" ci="1" mb="0" cb="0" />
      <line nr="1001" mi="0" ci="1" mb="0" cb="0" />
      <line nr="1002" mi="0" ci="2" mb="0" cb="0" />
      <line nr="1004" mi="1" ci="0" mb="0" cb="0" />
      <line nr="1005" mi="1" ci="0" mb="0" cb="0" />
      <line nr="1011" mi="0" ci="1" mb="0" cb="0" />
      <line nr="1012" mi="0" ci="2" mb="0" cb="0" />
      <line nr="1013" mi="0" ci="1" mb="0" cb="0" />
      <line nr="1015" mi="0" ci="3" mb="0" cb="0" />
      <line nr="1016" mi="0" ci="1" mb="0" cb="0" />
      <line nr="1017" mi="0" ci="1" mb="0" cb="0" />
      <line nr="1019" mi="0" ci="3" mb="0" cb="0" />
      <line nr="1022" mi="0" ci="1" mb="0" cb="0" />
      <line nr="1023" mi="0" ci="1" mb="0" cb="0" />
      <line nr="1025" mi="0" ci="1" mb="0" cb="0" />
      <line nr="1026" mi="0" ci="1" mb="0" cb="0" />
      <line nr="1027" mi="0" ci="1" mb="0" cb="0" />
      <line nr="1029" mi="0" ci="1" mb="0" cb="0" />
      <line nr="1030" mi="4" ci="0" mb="0" cb="0" />
      <line nr="1031" mi="2" ci="0" mb="0" cb="0" />
      <line nr="1033" mi="1" ci="0" mb="0" cb="0" />
      <line nr="1035" mi="1" ci="0" mb="0" cb="0" />
      <line nr="1036" mi="1" ci="0" mb="0" cb="0" />
      <line nr="1038" mi="0" ci="1" mb="0" cb="0" />
      <line nr="1039" mi="0" ci="1" mb="0" cb="0" />
      <line nr="1041" mi="1" ci="0" mb="0" cb="0" />
      <line nr="1042" mi="1" ci="0" mb="0" cb="0" />
      <line nr="1043" mi="0" ci="1" mb="0" cb="0" />
      <line nr="1045" mi="0" ci="1" mb="0" cb="0" />
      <line nr="1046" mi="1" ci="0" mb="0" cb="0" />
      <line nr="1047" mi="1" ci="0" mb="0" cb="0" />
      <line nr="1053" mi="0" ci="1" mb="0" cb="0" />
      <line nr="1054" mi="1" ci="0" mb="0" cb="0" />
      <line nr="1057" mi="1" ci="0" mb="0" cb="0" />
      <line nr="1059" mi="1" ci="0" mb="0" cb="0" />
      <line nr="1060" mi="4" ci="0" mb="0" cb="0" />
      <line nr="1061" mi="1" ci="0" mb="0" cb="0" />
      <line nr="1064" mi="1" ci="0" mb="0" cb="0" />
      <line nr="1067" mi="1" ci="0" mb="0" cb="0" />
      <line nr="1068" mi="1" ci="0" mb="0" cb="0" />
      <line nr="1069" mi="1" ci="0" mb="0" cb="0" />
      <line nr="1071" mi="1" ci="0" mb="0" cb="0" />
      <line nr="1072" mi="1" ci="0" mb="0" cb="0" />
      <line nr="1073" mi="1" ci="0" mb="0" cb="0" />
      <line nr="1074" mi="2" ci="0" mb="0" cb="0" />
      <line nr="1075" mi="1" ci="0" mb="0" cb="0" />
      <line nr="1080" mi="1" ci="0" mb="0" cb="0" />
      <line nr="1081" mi="1" ci="0" mb="0" cb="0" />
      <line nr="1084" mi="1" ci="0" mb="0" cb="0" />
      <line nr="1086" mi="1" ci="0" mb="0" cb="0" />
      <line nr="1087" mi="1" ci="0" mb="0" cb="0" />
      <line nr="1088" mi="1" ci="0" mb="0" cb="0" />
      <line nr="1089" mi="2" ci="0" mb="0" cb="0" />
      <line nr="1091" mi="1" ci="0" mb="0" cb="0" />
      <line nr="1093" mi="1" ci="0" mb="0" cb="0" />
      <line nr="1094" mi="1" ci="0" mb="0" cb="0" />
      <line nr="1095" mi="1" ci="0" mb="0" cb="0" />
      <line nr="1096" mi="2" ci="0" mb="0" cb="0" />
      <line nr="1102" mi="0" ci="1" mb="0" cb="0" />
      <line nr="1104" mi="0" ci="1" mb="0" cb="0" />
      <line nr="1106" mi="0" ci="1" mb="0" cb="0" />
      <line nr="1107" mi="0" ci="4" mb="0" cb="0" />
      <line nr="1108" mi="1" ci="0" mb="0" cb="0" />
      <line nr="1110" mi="1" ci="0" mb="0" cb="0" />
      <line nr="1111" mi="1" ci="0" mb="0" cb="0" />
      <line nr="1112" mi="1" ci="0" mb="0" cb="0" />
      <line nr="1113" mi="4" ci="0" mb="0" cb="0" />
      <line nr="1115" mi="2" ci="0" mb="0" cb="0" />
      <line nr="1117" mi="1" ci="0" mb="0" cb="0" />
      <line nr="1119" mi="1" ci="0" mb="0" cb="0" />
      <line nr="1120" mi="1" ci="0" mb="0" cb="0" />
      <line nr="1121" mi="1" ci="0" mb="0" cb="0" />
      <line nr="1122" mi="1" ci="0" mb="0" cb="0" />
      <line nr="1124" mi="1" ci="0" mb="0" cb="0" />
      <line nr="1128" mi="1" ci="0" mb="0" cb="0" />
      <line nr="1130" mi="0" ci="1" mb="0" cb="0" />
      <line nr="1132" mi="1" ci="0" mb="0" cb="0" />
      <line nr="1134" mi="1" ci="0" mb="0" cb="0" />
      <line nr="1135" mi="1" ci="0" mb="0" cb="0" />
      <line nr="1136" mi="1" ci="0" mb="0" cb="0" />
      <line nr="1137" mi="4" ci="0" mb="0" cb="0" />
      <line nr="1139" mi="1" ci="0" mb="0" cb="0" />
      <line nr="1141" mi="1" ci="0" mb="0" cb="0" />
      <line nr="1143" mi="1" ci="0" mb="0" cb="0" />
      <line nr="1144" mi="1" ci="0" mb="0" cb="0" />
      <line nr="1145" mi="1" ci="0" mb="0" cb="0" />
      <line nr="1146" mi="1" ci="0" mb="0" cb="0" />
      <line nr="1147" mi="1" ci="0" mb="0" cb="0" />
      <line nr="1149" mi="1" ci="0" mb="0" cb="0" />
      <line nr="1152" mi="1" ci="0" mb="0" cb="0" />
      <line nr="1154" mi="0" ci="1" mb="0" cb="0" />
      <line nr="1156" mi="1" ci="0" mb="0" cb="0" />
      <line nr="1158" mi="1" ci="0" mb="0" cb="0" />
      <line nr="1159" mi="1" ci="0" mb="0" cb="0" />
      <line nr="1160" mi="1" ci="0" mb="0" cb="0" />
      <line nr="1161" mi="4" ci="0" mb="0" cb="0" />
      <line nr="1163" mi="1" ci="0" mb="0" cb="0" />
      <line nr="1165" mi="1" ci="0" mb="0" cb="0" />
      <line nr="1167" mi="1" ci="0" mb="0" cb="0" />
      <line nr="1168" mi="1" ci="0" mb="0" cb="0" />
      <line nr="1169" mi="1" ci="0" mb="0" cb="0" />
      <line nr="1170" mi="1" ci="0" mb="0" cb="0" />
      <line nr="1171" mi="1" ci="0" mb="0" cb="0" />
      <line nr="1173" mi="1" ci="0" mb="0" cb="0" />
      <line nr="1176" mi="1" ci="0" mb="0" cb="0" />
      <line nr="1178" mi="0" ci="1" mb="0" cb="0" />
      <line nr="1180" mi="1" ci="0" mb="0" cb="0" />
      <line nr="1182" mi="1" ci="0" mb="0" cb="0" />
      <line nr="1183" mi="1" ci="0" mb="0" cb="0" />
      <line nr="1185" mi="1" ci="0" mb="0" cb="0" />
      <line nr="1186" mi="1" ci="0" mb="0" cb="0" />
      <line nr="1187" mi="4" ci="0" mb="0" cb="0" />
      <line nr="1189" mi="1" ci="0" mb="0" cb="0" />
      <line nr="1191" mi="1" ci="0" mb="0" cb="0" />
      <line nr="1193" mi="1" ci="0" mb="0" cb="0" />
      <line nr="1194" mi="1" ci="0" mb="0" cb="0" />
      <line nr="1195" mi="1" ci="0" mb="0" cb="0" />
      <line nr="1197" mi="1" ci="0" mb="0" cb="0" />
      <line nr="1198" mi="1" ci="0" mb="0" cb="0" />
      <line nr="1199" mi="1" ci="0" mb="0" cb="0" />
      <line nr="1201" mi="1" ci="0" mb="0" cb="0" />
      <line nr="1204" mi="1" ci="0" mb="0" cb="0" />
      <line nr="1208" mi="0" ci="1" mb="0" cb="0" />
      <line nr="1213" mi="0" ci="1" mb="0" cb="0" />
      <line nr="1214" mi="0" ci="1" mb="0" cb="0" />
      <line nr="1216" mi="0" ci="1" mb="0" cb="0" />
      <line nr="1220" mi="0" ci="1" mb="0" cb="0" />
      <line nr="1221" mi="0" ci="2" mb="0" cb="0" />
      <line nr="1222" mi="0" ci="1" mb="0" cb="0" />
      <line nr="1224" mi="0" ci="3" mb="0" cb="0" />
      <line nr="1225" mi="0" ci="1" mb="0" cb="0" />
      <line nr="1226" mi="0" ci="1" mb="0" cb="0" />
      <line nr="1228" mi="0" ci="1" mb="0" cb="0" />
      <line nr="1229" mi="1" ci="0" mb="0" cb="0" />
      <line nr="1234" mi="0" ci="1" mb="0" cb="0" />
      <line nr="1235" mi="0" ci="1" mb="0" cb="0" />
      <line nr="1237" mi="0" ci="1" mb="0" cb="0" />
      <line nr="1238" mi="0" ci="1" mb="0" cb="0" />
      <line nr="1239" mi="0" ci="1" mb="0" cb="0" />
      <line nr="1241" mi="0" ci="1" mb="0" cb="0" />
      <line nr="1242" mi="0" ci="4" mb="0" cb="0" />
      <line nr="1243" mi="0" ci="2" mb="0" cb="0" />
      <line nr="1245" mi="0" ci="1" mb="0" cb="0" />
      <line nr="1247" mi="1" ci="0" mb="0" cb="0" />
      <line nr="1248" mi="1" ci="0" mb="0" cb="0" />
      <line nr="1250" mi="0" ci="1" mb="0" cb="0" />
      <line nr="1251" mi="0" ci="1" mb="0" cb="0" />
      <line nr="1253" mi="1" ci="0" mb="0" cb="0" />
      <line nr="1254" mi="1" ci="0" mb="0" cb="0" />
      <line nr="1255" mi="0" ci="1" mb="0" cb="0" />
      <line nr="1257" mi="0" ci="1" mb="0" cb="0" />
      <line nr="1258" mi="1" ci="0" mb="0" cb="0" />
      <line nr="1259" mi="1" ci="0" mb="0" cb="0" />
      <line nr="1265" mi="0" ci="1" mb="0" cb="0" />
      <line nr="1266" mi="1" ci="0" mb="0" cb="0" />
      <line nr="1269" mi="1" ci="0" mb="0" cb="0" />
      <line nr="1271" mi="1" ci="0" mb="0" cb="0" />
      <line nr="1272" mi="4" ci="0" mb="0" cb="0" />
      <line nr="1273" mi="1" ci="0" mb="0" cb="0" />
      <line nr="1275" mi="1" ci="0" mb="0" cb="0" />
      <line nr="1276" mi="1" ci="0" mb="0" cb="0" />
      <line nr="1277" mi="1" ci="0" mb="0" cb="0" />
      <line nr="1278" mi="1" ci="0" mb="0" cb="0" />
      <line nr="1279" mi="1" ci="0" mb="0" cb="0" />
      <line nr="1280" mi="1" ci="0" mb="0" cb="0" />
      <line nr="1281" mi="1" ci="0" mb="0" cb="0" />
      <line nr="1282" mi="2" ci="0" mb="0" cb="0" />
      <line nr="1283" mi="1" ci="0" mb="0" cb="0" />
      <line nr="1288" mi="1" ci="0" mb="0" cb="0" />
      <line nr="1289" mi="1" ci="0" mb="0" cb="0" />
      <line nr="1292" mi="1" ci="0" mb="0" cb="0" />
      <line nr="1294" mi="1" ci="0" mb="0" cb="0" />
      <line nr="1295" mi="1" ci="0" mb="0" cb="0" />
      <line nr="1296" mi="1" ci="0" mb="0" cb="0" />
      <line nr="1297" mi="2" ci="0" mb="0" cb="0" />
      <line nr="1299" mi="1" ci="0" mb="0" cb="0" />
      <line nr="1301" mi="1" ci="0" mb="0" cb="0" />
      <line nr="1302" mi="1" ci="0" mb="0" cb="0" />
      <line nr="1303" mi="1" ci="0" mb="0" cb="0" />
      <line nr="1304" mi="2" ci="0" mb="0" cb="0" />
      <line nr="1310" mi="0" ci="1" mb="0" cb="0" />
      <line nr="1312" mi="0" ci="1" mb="0" cb="0" />
      <line nr="1313" mi="0" ci="1" mb="0" cb="0" />
      <line nr="1314" mi="0" ci="1" mb="0" cb="0" />
      <line nr="1315" mi="0" ci="1" mb="0" cb="0" />
      <line nr="1316" mi="0" ci="1" mb="0" cb="0" />
      <line nr="1317" mi="0" ci="1" mb="0" cb="0" />
      <line nr="1319" mi="1" ci="0" mb="0" cb="0" />
      <line nr="1321" mi="1" ci="0" mb="0" cb="0" />
      <line nr="1322" mi="1" ci="0" mb="0" cb="0" />
      <line nr="1323" mi="1" ci="0" mb="0" cb="0" />
      <line nr="1324" mi="1" ci="0" mb="0" cb="0" />
      <line nr="1326" mi="1" ci="0" mb="0" cb="0" />
      <line nr="1329" mi="1" ci="0" mb="0" cb="0" />
      <line nr="1331" mi="0" ci="1" mb="0" cb="0" />
      <line nr="1333" mi="1" ci="0" mb="0" cb="0" />
      <line nr="1335" mi="1" ci="0" mb="0" cb="0" />
      <line nr="1336" mi="1" ci="0" mb="0" cb="0" />
      <line nr="1337" mi="1" ci="0" mb="0" cb="0" />
      <line nr="1338" mi="4" ci="0" mb="0" cb="0" />
      <line nr="1340" mi="1" ci="0" mb="0" cb="0" />
      <line nr="1342" mi="1" ci="0" mb="0" cb="0" />
      <line nr="1344" mi="1" ci="0" mb="0" cb="0" />
      <line nr="1345" mi="1" ci="0" mb="0" cb="0" />
      <line nr="1346" mi="1" ci="0" mb="0" cb="0" />
[...]
      <line nr="1355" mi="0" ci="1" mb="0" cb="0" />
      <line nr="1357" mi="1" ci="0" mb="0" cb="0" />
      <line nr="1359" mi="1" ci="0" mb="0" cb="0" />
      <line nr="1360" mi="1" ci="0" mb="0" cb="0" />
      <line nr="1362" mi="1" ci="0" mb="0" cb="0" />
      <line nr="1363" mi="1" ci="0" mb="0" cb="0" />
      <line nr="1364" mi="4" ci="0" mb="0" cb="0" />
      <line nr="1366" mi="1" ci="0" mb="0" cb="0" />
      <line nr="1368" mi="1" ci="0" mb="0" cb="0" />
      <line nr="1370" mi="1" ci="0" mb="0" cb="0" />
      <line nr="1371" mi="1" ci="0" mb="0" cb="0" />
      <line nr="1372" mi="1" ci="0" mb="0" cb="0" />
      <line nr="1374" mi="1" ci="0" mb="0" cb="0" />
      <line nr="1375" mi="1" ci="0" mb="0" cb="0" />
      <line nr="1376" mi="1" ci="0" mb="0" cb="0" />
      <line nr="1378" mi="1" ci="0" mb="0" cb="0" />
      <line nr="1381" mi="1" ci="0" mb="0" cb="0" />
      <line nr="1385" mi="0" ci="1" mb="0" cb="0" />
      <line nr="1390" mi="0" ci="1" mb="0" cb="0" />
      <line nr="1393" mi="0" ci="1" mb="0" cb="0" />
      <line nr="1396" mi="0" ci="1" mb="0" cb="0" />
      <line nr="1397" mi="0" ci="2" mb="0" cb="0" />
      <line nr="1400" mi="0" ci="1" mb="0" cb="0" />
      <line nr="1403" mi="0" ci="1" mb="0" cb="0" />
      <line nr="1404" mi="0" ci="1" mb="0" cb="0" />
      <line nr="1405" mi="0" ci="1" mb="0" cb="0" />
      <line nr="1406" mi="0" ci="1" mb="0" cb="0" />
      <line nr="1408" mi="0" ci="1" mb="0" cb="0" />
      <line nr="1409" mi="0" ci="3" mb="0" cb="0" />
      <line nr="1413" mi="0" ci="1" mb="0" cb="0" />
      <line nr="1414" mi="0" ci="2" mb="0" cb="0" />
      <line nr="1417" mi="0" ci="1" mb="0" cb="0" />
      <line nr="1418" mi="0" ci="2" mb="0" cb="0" />
      <line nr="1421" mi="0" ci="1" mb="0" cb="0" />
      <line nr="1422" mi="0" ci="2" mb="0" cb="0" />
      <line nr="1426" mi="0" ci="1" mb="0" cb="0" />
      <line nr="1428" mi="0" ci="1" mb="0" cb="0" />
      <line nr="1429" mi="0" ci="1" mb="0" cb="0" />
      <line nr="1430" mi="0" ci="1" mb="0" cb="0" />
      <line nr="1433" mi="0" ci="1" mb="0" cb="0" />
      <line nr="1435" mi="0" ci="3" mb="0" cb="0" />
      <line nr="1436" mi="0" ci="1" mb="0" cb="0" />
      <line nr="1439" mi="0" ci="1" mb="0" cb="0" />
      <line nr="1440" mi="0" ci="1" mb="0" cb="0" />
      <line nr="1441" mi="0" ci="1" mb="0" cb="0" />
      <line nr="1442" mi="0" ci="1" mb="0" cb="0" />
      <line nr="1443" mi="0" ci="1" mb="0" cb="0" />
      <line nr="1446" mi="0" ci="1" mb="0" cb="0" />
      <line nr="1448" mi="0" ci="1" mb="0" cb="0" />
      <line nr="1451" mi="0" ci="1" mb="0" cb="0" />
      <line nr="1454" mi="0" ci="1" mb="0" cb="0" />
      <line nr="1455" mi="1" ci="0" mb="0" cb="0" />
      <line nr="1456" mi="1" ci="0" mb="0" cb="0" />
      <line nr="1457" mi="1" ci="0" mb="0" cb="0" />
      <line nr="1459" mi="1" ci="0" mb="0" cb="0" />
      <line nr="1460" mi="1" ci="0" mb="0" cb="0" />
      <line nr="1465" mi="1" ci="1" mb="0" cb="0" />
      <line nr="1466" mi="1" ci="1" mb="0" cb="0" />
      <line nr="1467" mi="1" ci="1" mb="0" cb="0" />
      <line nr="1468" mi="1" ci="1" mb="0" cb="0" />
      <line nr="1469" mi="1" ci="1" mb="0" cb="0" />
      <line nr="1470" mi="1" ci="1" mb="0" cb="0" />
      <line nr="1471" mi="1" ci="1" mb="0" cb="0" />
      <line nr="1472" mi="1" ci="1" mb="0" cb="0" />
      <line nr="1475" mi="0" ci="1" mb="0" cb="0" />
      <line nr="1476" mi="4" ci="0" mb="0" cb="0" />
      <line nr="1477" mi="0" ci="1" mb="0" cb="0" />
      <line nr="1478" mi="1" ci="0" mb="0" cb="0" />
      <line nr="1479" mi="1" ci="0" mb="0" cb="0" />
      <line nr="1480" mi="1" ci="0" mb="0" cb="0" />
      <line nr="1481" mi="2" ci="0" mb="0" cb="0" />
      <line nr="1483" mi="1" ci="0" mb="0" cb="0" />
      <line nr="1484" mi="1" ci="0" mb="0" cb="0" />
      <line nr="1489" mi="0" ci="1" mb="0" cb="0" />
      <line nr="1490" mi="1" ci="0" mb="0" cb="0" />
      <line nr="1492" mi="0" ci="1" mb="0" cb="0" />
      <line nr="1493" mi="0" ci="1" mb="0" cb="0" />
      <line nr="1496" mi="0" ci="1" mb="0" cb="0" />
      <line nr="1499" mi="0" ci="1" mb="0" cb="0" />
      <line nr="1500" mi="0" ci="1" mb="0" cb="0" />
      <line nr="1503" mi="0" ci="1" mb="0" cb="0" />
      <line nr="1507" mi="0" ci="1" mb="0" cb="0" />
      <line nr="1508" mi="0" ci="1" mb="0" cb="0" />
      <line nr="1509" mi="1" ci="0" mb="0" cb="0" />
      <line nr="1510" mi="1" ci="0" mb="0" cb="0" />
      <line nr="1511" mi="1" ci="0" mb="0" cb="0" />
      <line nr="1513" mi="1" ci="0" mb="0" cb="0" />
      <line nr="1514" mi="1" ci="0" mb="0" cb="0" />
      <line nr="1519" mi="1" ci="1" mb="0" cb="0" />
      <line nr="1520" mi="1" ci="1" mb="0" cb="0" />
      <line nr="1521" mi="1" ci="1" mb="0" cb="0" />
      <line nr="1522" mi="1" ci="1" mb="0" cb="0" />
      <line nr="1523" mi="1" ci="1" mb="0" cb="0" />
      <line nr="1524" mi="1" ci="1" mb="0" cb="0" />
      <line nr="1525" mi="1" ci="1" mb="0" cb="0" />
      <line nr="1526" mi="1" ci="1" mb="0" cb="0" />
      <line nr="1530" mi="0" ci="1" mb="0" cb="0" />
      <line nr="1531" mi="4" ci="0" mb="0" cb="0" />
      <line nr="1532" mi="0" ci="1" mb="0" cb="0" />
      <line nr="1533" mi="0" ci="1" mb="0" cb="0" />
      <line nr="1537" mi="0" ci="1" mb="0" cb="0" />
      <line nr="1538" mi="0" ci="1" mb="0" cb="0" />
      <line nr="1540" mi="0" ci="1" mb="0" cb="0" />
      <line nr="1542" mi="0" ci="1" mb="0" cb="0" />
      <line nr="1545" mi="0" ci="1" mb="0" cb="0" />
      <line nr="1550" mi="0" ci="1" mb="0" cb="0" />
      <line nr="1551" mi="0" ci="1" mb="0" cb="0" />
      <line nr="1555" mi="0" ci="1" mb="0" cb="0" />
      <line nr="1557" mi="0" ci="3" mb="0" cb="0" />
      <line nr="1558" mi="0" ci="1" mb="0" cb="0" />
      <line nr="1559" mi="0" ci="1" mb="0" cb="0" />
      <line nr="1560" mi="0" ci="1" mb="0" cb="0" />
      <line nr="1564" mi="0" ci="1" mb="0" cb="0" />
      <line nr="1565" mi="0" ci="1" mb="0" cb="0" />
      <line nr="1568" mi="0" ci="1" mb="0" cb="0" />
      <line nr="1569" mi="0" ci="1" mb="0" cb="0" />
      <line nr="1570" mi="0" ci="1" mb="0" cb="0" />
      <line nr="1571" mi="0" ci="1" mb="0" cb="0" />
      <line nr="1573" mi="0" ci="1" mb="0" cb="0" />
      <line nr="1574" mi="0" ci="1" mb="0" cb="0" />
      <line nr="1579" mi="0" ci="2" mb="0" cb="0" />
      <line nr="1580" mi="1" ci="1" mb="0" cb="0" />
      <line nr="1581" mi="0" ci="2" mb="0" cb="0" />
      <line nr="1582" mi="0" ci="2" mb="0" cb="0" />
      <line nr="1583" mi="1" ci="1" mb="0" cb="0" />
      <line nr="1584" mi="1" ci="1" mb="0" cb="0" />
      <line nr="1585" mi="1" ci="1" mb="0" cb="0" />
      <line nr="1586" mi="1" ci="1" mb="0" cb="0" />
      <line nr="1589" mi="0" ci="1" mb="0" cb="0" />
      <line nr="1590" mi="0" ci="1" mb="0" cb="0" />
      <line nr="1595" mi="0" ci="3" mb="0" cb="0" />
      <line nr="1597" mi="0" ci="1" mb="0" cb="0" />
      <line nr="1599" mi="0" ci="4" mb="0" cb="0" />
      <line nr="1600" mi="0" ci="4" mb="0" cb="0" />
      <line nr="1601" mi="0" ci="1" mb="0" cb="0" />
      <line nr="1602" mi="0" ci="1" mb="0" cb="0" />
      <line nr="1603" mi="0" ci="1" mb="0" cb="0" />
      <line nr="1604" mi="0" ci="1" mb="0" cb="0" />
      <line nr="1605" mi="0" ci="2" mb="0" cb="0" />
      <line nr="1607" mi="0" ci="1" mb="0" cb="0" />
      <line nr="1609" mi="0" ci="1" mb="0" cb="0" />
      <line nr="1611" mi="0" ci="1" mb="0" cb="0" />
      <line nr="1612" mi="0" ci="1" mb="0" cb="0" />
      <line nr="1613" mi="0" ci="1" mb="0" cb="0" />
      <line nr="1614" mi="0" ci="1" mb="0" cb="0" />
      <line nr="1615" mi="0" ci="2" mb="0" cb="0" />
      <line nr="1617" mi="0" ci="1" mb="0" cb="0" />
      <line nr="1618" mi="0" ci="1" mb="0" cb="0" />
      <line nr="1622" mi="0" ci="1" mb="0" cb="0" />
      <line nr="1623" mi="0" ci="1" mb="0" cb="0" />
      <line nr="1624" mi="0" ci="1" mb="0" cb="0" />
      <line nr="1625" mi="0" ci="1" mb="0" cb="0" />
      <line nr="1628" mi="1" ci="0" mb="0" cb="0" />
      <line nr="1630" mi="1" ci="0" mb="0" cb="0" />
      <line nr="1632" mi="1" ci="0" mb="0" cb="0" />
      <line nr="1633" mi="1" ci="0" mb="0" cb="0" />
      <line nr="1635" mi="1" ci="0" mb="0" cb="0" />
      <line nr="1638" mi="1" ci="0" mb="0" cb="0" />
      <line nr="1643" mi="0" ci="1" mb="0" cb="0" />
      <line nr="1644" mi="0" ci="1" mb="0" cb="0" />
      <line nr="1646" mi="0" ci="1" mb="0" cb="0" />
      <line nr="1648" mi="0" ci="4" mb="0" cb="0" />
      <line nr="1649" mi="0" ci="4" mb="0" cb="0" />
      <line nr="1650" mi="0" ci="1" mb="0" cb="0" />
      <line nr="1651" mi="0" ci="1" mb="0" cb="0" />
      <line nr="1652" mi="1" ci="0" mb="0" cb="0" />
      <line nr="1653" mi="1" ci="0" mb="0" cb="0" />
      <line nr="1654" mi="2" ci="0" mb="0" cb="0" />
      <line nr="1656" mi="0" ci="1" mb="0" cb="0" />
      <line nr="1658" mi="0" ci="1" mb="0" cb="0" />
      <line nr="1660" mi="0" ci="1" mb="0" cb="0" />
      <line nr="1661" mi="1" ci="0" mb="0" cb="0" />
      <line nr="1662" mi="1" ci="0" mb="0" cb="0" />
      <line nr="1663" mi="1" ci="0" mb="0" cb="0" />
      <line nr="1664" mi="2" ci="0" mb="0" cb="0" />
      <line nr="1666" mi="1" ci="0" mb="0" cb="0" />
      <line nr="1667" mi="1" ci="0" mb="0" cb="0" />
      <line nr="1671" mi="0" ci="1" mb="0" cb="0" />
      <line nr="1672" mi="0" ci="1" mb="0" cb="0" />
      <line nr="1673" mi="0" ci="1" mb="0" cb="0" />
      <line nr="1674" mi="0" ci="1" mb="0" cb="0" />
      <line nr="1677" mi="1" ci="0" mb="0" cb="0" />
      <line nr="1679" mi="1" ci="0" mb="0" cb="0" />
      <line nr="1681" mi="1" ci="0" mb="0" cb="0" />
      <line nr="1682" mi="1" ci="0" mb="0" cb="0" />
      <line nr="1684" mi="1" ci="0" mb="0" cb="0" />
      <line nr="1687" mi="1" ci="0" mb="0" cb="0" />
      <line nr="1693" mi="0" ci="1" mb="0" cb="0" />
      <line nr="1696" mi="0" ci="1" mb="0" cb="0" />
      <line nr="1697" mi="0" ci="1" mb="0" cb="0" />
      <line nr="1701" mi="0" ci="1" mb="0" cb="0" />
      <line nr="1707" mi="0" ci="1" mb="0" cb="0" />
      <line nr="1708" mi="0" ci="1" mb="0" cb="0" />
      <line nr="1710" mi="0" ci="1" mb="0" cb="0" />
      <line nr="1713" mi="0" ci="1" mb="0" cb="0" />
      <line nr="1714" mi="0" ci="2" mb="0" cb="0" />
      <line nr="1719" mi="0" ci="1" mb="0" cb="0" />
      <line nr="1720" mi="0" ci="1" mb="0" cb="0" />
      <line nr="1722" mi="0" ci="2" mb="0" cb="0" />
      <line nr="1723" mi="1" ci="0" mb="0" cb="0" />
      <line nr="1727" mi="0" ci="1" mb="0" cb="0" />
      <line nr="1728" mi="0" ci="1" mb="0" cb="0" />
      <line nr="1729" mi="0" ci="1" mb="0" cb="0" />
      <line nr="1731" mi="0" ci="1" mb="0" cb="0" />
      <line nr="1733" mi="0" ci="1" mb="0" cb="0" />
      <line nr="1737" mi="0" ci="1" mb="0" cb="0" />
      <line nr="1738" mi="0" ci="1" mb="0" cb="0" />
      <line nr="1739" mi="0" ci="1" mb="0" cb="0" />
      <line nr="1742" mi="0" ci="1" mb="0" cb="0" />
      <line nr="1744" mi="0" ci="1" mb="0" cb="0" />
      <line nr="1745" mi="0" ci="1" mb="0" cb="0" />
      <line nr="1746" mi="0" ci="2" mb="0" cb="0" />
      <line nr="1749" mi="0" ci="1" mb="0" cb="0" />
      <line nr="1750" mi="0" ci="1" mb="0" cb="0" />
      <line nr="1753" mi="0" ci="1" mb="0" cb="0" />
      <line nr="1754" mi="0" ci="1" mb="0" cb="0" />
      <line nr="1755" mi="0" ci="2" mb="0" cb="0" />
      <line nr="1757" mi="0" ci="2" mb="0" cb="0" />
      <line nr="1760" mi="0" ci="1" mb="0" cb="0" />
      <line nr="1761" mi="2" ci="0" mb="0" cb="0" />
      <line nr="1763" mi="0" ci="2" mb="0" cb="0" />
      <line nr="1766" mi="0" ci="1" mb="0" cb="0" />
      <line nr="1767" mi="0" ci="1" mb="0" cb="0" />
      <line nr="1769" mi="1" ci="0" mb="0" cb="0" />
      <line nr="1770" mi="2" ci="0" mb="0" cb="0" />
      <line nr="1772" mi="1" ci="0" mb="0" cb="0" />
      <line nr="1778" mi="0" ci="1" mb="0" cb="0" />
      <counter type="INSTRUCTION" missed="329" covered="545" />
      <counter type="LINE" missed="259" covered="426" />
      <counter type="METHOD" missed="1" covered="3" />
      <counter type="CLASS" missed="0" covered="1" />
    </sourcefile>
    <sourcefile name="Public/Write-ColorHelpers.ps1">
      <line nr="16" mi="0" ci="1" mb="0" cb="0" />
      <line nr="17" mi="0" ci="1" mb="0" cb="0" />
      <line nr="18" mi="0" ci="1" mb="0" cb="0" />
      <line nr="19" mi="0" ci="1" mb="0" cb="0" />
      <line nr="20" mi="1" ci="0" mb="0" cb="0" />
      <line nr="21" mi="1" ci="0" mb="0" cb="0" />
      <line nr="23" mi="0" ci="1" mb="0" cb="0" />
      <line nr="27" mi="0" ci="1" mb="0" cb="0" />
      <line nr="28" mi="0" ci="1" mb="0" cb="0" />
      <line nr="29" mi="0" ci="2" mb="0" cb="0" />
      <line nr="30" mi="0" ci="2" mb="0" cb="0" />
      <line nr="31" mi="0" ci="2" mb="0" cb="0" />
      <line nr="33" mi="0" ci="1" mb="0" cb="0" />
      <line nr="35" mi="0" ci="1" mb="0" cb="0" />
      <line nr="36" mi="0" ci="1" mb="0" cb="0" />
      <line nr="53" mi="0" ci="1" mb="0" cb="0" />
      <line nr="54" mi="0" ci="1" mb="0" cb="0" />
      <line nr="55" mi="0" ci="1" mb="0" cb="0" />
      <line nr="56" mi="0" ci="1" mb="0" cb="0" />
      <line nr="57" mi="1" ci="0" mb="0" cb="0" />
      <line nr="59" mi="0" ci="1" mb="0" cb="0" />
      <line nr="63" mi="0" ci="1" mb="0" cb="0" />
      <line nr="64" mi="0" ci="1" mb="0" cb="0" />
      <line nr="65" mi="0" ci="2" mb="0" cb="0" />
      <line nr="66" mi="0" ci="2" mb="0" cb="0" />
      <line nr="67" mi="0" ci="2" mb="0" cb="0" />
      <line nr="69" mi="0" ci="1" mb="0" cb="0" />
      <line nr="71" mi="0" ci="1" mb="0" cb="0" />
      <line nr="72" mi="0" ci="1" mb="0" cb="0" />
      <line nr="89" mi="0" ci="1" mb="0" cb="0" />
      <line nr="90" mi="0" ci="1" mb="0" cb="0" />
      <line nr="91" mi="0" ci="1" mb="0" cb="0" />
      <line nr="92" mi="0" ci="1" mb="0" cb="0" />
      <line nr="93" mi="1" ci="0" mb="0" cb="0" />
      <line nr="95" mi="0" ci="1" mb="0" cb="0" />
      <line nr="99" mi="0" ci="1" mb="0" cb="0" />
      <line nr="100" mi="0" ci="1" mb="0" cb="0" />
      <line nr="101" mi="1" ci="1" mb="0" cb="0" />
      <line nr="102" mi="1" ci="1" mb="0" cb="0" />
      <line nr="103" mi="0" ci="2" mb="0" cb="0" />
      <line nr="105" mi="0" ci="1" mb="0" cb="0" />
      <line nr="107" mi="0" ci="1" mb="0" cb="0" />
      <line nr="108" mi="0" ci="1" mb="0" cb="0" />
      <line nr="125" mi="0" ci="1" mb="0" cb="0" />
      <line nr="126" mi="0" ci="1" mb="0" cb="0" />
      <line nr="127" mi="0" ci="1" mb="0" cb="0" />
      <line nr="128" mi="0" ci="1" mb="0" cb="0" />
      <line nr="129" mi="1" ci="0" mb="0" cb="0" />
      <line nr="131" mi="0" ci="1" mb="0" cb="0" />
      <line nr="135" mi="0" ci="1" mb="0" cb="0" />
      <line nr="136" mi="0" ci="1" mb="0" cb="0" />
      <line nr="137" mi="1" ci="1" mb="0" cb="0" />
      <line nr="138" mi="1" ci="1" mb="0" cb="0" />
      <line nr="139" mi="0" ci="2" mb="0" cb="0" />
      <line nr="141" mi="0" ci="1" mb="0" cb="0" />
      <line nr="143" mi="0" ci="1" mb="0" cb="0" />
      <line nr="144" mi="0" ci="1" mb="0" cb="0" />
      <line nr="161" mi="0" ci="1" mb="0" cb="0" />
      <line nr="162" mi="0" ci="1" mb="0" cb="0" />
      <line nr="163" mi="0" ci="1" mb="0" cb="0" />
      <line nr="164" mi="0" ci="1" mb="0" cb="0" />
      <line nr="165" mi="1" ci="0" mb="0" cb="0" />
      <line nr="166" mi="1" ci="0" mb="0" cb="0" />
      <line nr="167" mi="1" ci="0" mb="0" cb="0" />
      <line nr="169" mi="0" ci="1" mb="0" cb="0" />
      <line nr="173" mi="0" ci="1" mb="0" cb="0" />
      <line nr="174" mi="0" ci="1" mb="0" cb="0" />
      <line nr="175" mi="1" ci="1" mb="0" cb="0" />
      <line nr="176" mi="1" ci="1" mb="0" cb="0" />
      <line nr="177" mi="0" ci="2" mb="0" cb="0" />
      <line nr="179" mi="0" ci="1" mb="0" cb="0" />
      <line nr="181" mi="0" ci="1" mb="0" cb="0" />
      <line nr="182" mi="0" ci="1" mb="0" cb="0" />
      <line nr="199" mi="0" ci="1" mb="0" cb="0" />
      <line nr="200" mi="0" ci="1" mb="0" cb="0" />
      <line nr="201" mi="0" ci="1" mb="0" cb="0" />
      <line nr="202" mi="0" ci="1" mb="0" cb="0" />
      <line nr="203" mi="1" ci="0" mb="0" cb="0" />
      <line nr="204" mi="1" ci="0" mb="0" cb="0" />
      <line nr="206" mi="0" ci="1" mb="0" cb="0" />
      <line nr="210" mi="0" ci="1" mb="0" cb="0" />
      <line nr="211" mi="0" ci="1" mb="0" cb="0" />
      <line nr="212" mi="1" ci="1" mb="0" cb="0" />
      <line nr="213" mi="1" ci="1" mb="0" cb="0" />
      <line nr="214" mi="0" ci="2" mb="0" cb="0" />
      <line nr="216" mi="0" ci="1" mb="0" cb="0" />
      <line nr="218" mi="0" ci="1" mb="0" cb="0" />
      <line nr="219" mi="0" ci="1" mb="0" cb="0" />
      <line nr="284" mi="0" ci="1" mb="0" cb="0" />
      <line nr="285" mi="0" ci="1" mb="0" cb="0" />
      <line nr="287" mi="0" ci="1" mb="0" cb="0" />
      <line nr="288" mi="0" ci="1" mb="0" cb="0" />
      <line nr="289" mi="0" ci="1" mb="0" cb="0" />
      <line nr="290" mi="0" ci="1" mb="0" cb="0" />
      <line nr="291" mi="0" ci="1" mb="0" cb="0" />
      <line nr="292" mi="0" ci="1" mb="0" cb="0" />
      <line nr="293" mi="0" ci="1" mb="0" cb="0" />
      <line nr="294" mi="0" ci="1" mb="0" cb="0" />
      <line nr="295" mi="0" ci="1" mb="0" cb="0" />
      <line nr="322" mi="0" ci="1" mb="0" cb="0" />
      <line nr="323" mi="0" ci="1" mb="0" cb="0" />
      <line nr="325" mi="0" ci="1" mb="0" cb="0" />
      <line nr="416" mi="0" ci="1" mb="0" cb="0" />
      <line nr="417" mi="0" ci="1" mb="0" cb="0" />
      <line nr="418" mi="0" ci="1" mb="0" cb="0" />
      <line nr="419" mi="0" ci="1" mb="0" cb="0" />
      <line nr="420" mi="0" ci="1" mb="0" cb="0" />
      <line nr="421" mi="0" ci="1" mb="0" cb="0" />
      <line nr="422" mi="0" ci="1" mb="0" cb="0" />
      <line nr="423" mi="0" ci="1" mb="0" cb="0" />
      <line nr="424" mi="0" ci="1" mb="0" cb="0" />
      <line nr="425" mi="0" ci="1" mb="0" cb="0" />
      <line nr="426" mi="0" ci="1" mb="0" cb="0" />
      <line nr="427" mi="0" ci="1" mb="0" cb="0" />
      <line nr="428" mi="0" ci="1" mb="0" cb="0" />
      <line nr="429" mi="0" ci="1" mb="0" cb="0" />
      <line nr="430" mi="0" ci="1" mb="0" cb="0" />
      <line nr="431" mi="0" ci="1" mb="0" cb="0" />
      <line nr="432" mi="0" ci="1" mb="0" cb="0" />
      <line nr="433" mi="0" ci="1" mb="0" cb="0" />
      <line nr="434" mi="0" ci="1" mb="0" cb="0" />
      <line nr="435" mi="0" ci="1" mb="0" cb="0" />
      <line nr="437" mi="0" ci="1" mb="0" cb="0" />
      <line nr="438" mi="0" ci="1" mb="0" cb="0" />
      <line nr="441" mi="0" ci="1" mb="0" cb="0" />
      <line nr="442" mi="0" ci="1" mb="0" cb="0" />
      <line nr="445" mi="0" ci="1" mb="0" cb="0" />
      <counter type="INSTRUCTION" missed="18" covered="127" />
      <counter type="LINE" missed="10" covered="117" />
      <counter type="METHOD" missed="0" covered="9" />
      <counter type="CLASS" missed="0" covered="1" />
    </sourcefile>
    <counter type="INSTRUCTION" missed="563" covered="1319" />
    <counter type="LINE" missed="434" covered="899" />
    <counter type="METHOD" missed="3" covered="19" />
    <counter type="CLASS" missed="0" covered="5" />
  </package>
  <counter type="INSTRUCTION" missed="608" covered="1595" />
  <counter type="LINE" missed="462" covered="1126" />
  <counter type="METHOD" missed="4" covered="31" />
  <counter type="CLASS" missed="0" covered="8" />
</report>
